-- The C compiler identification is GNU 11.4.0
-- The CXX compiler identification is GNU 11.4.0
-- Detecting C compiler ABI info
-- Detecting C compiler ABI info - done
-- Check for working C compiler: /usr/bin/cc - skipped
-- Detecting C compile features
-- Detecting C compile features - done
-- Detecting CXX compiler ABI info
-- Detecting CXX compiler ABI info - done
-- Check for working CXX compiler: /usr/bin/c++ - skipped
-- Detecting CXX compile features
-- Detecting CXX compile features - done
-- Found ament_cmake: 1.3.10 (/opt/ros/humble/share/ament_cmake/cmake)
-- Found Python3: /usr/bin/python3 (found version "3.10.12") found components: Interpreter 
-- Found rclcpp: 16.0.10 (/opt/ros/humble/share/rclcpp/cmake)
-- Found rosidl_generator_c: 3.1.5 (/opt/ros/humble/share/rosidl_generator_c/cmake)
-- Found rosidl_adapter: 3.1.5 (/opt/ros/humble/share/rosidl_adapter/cmake)
-- Found rosidl_generator_cpp: 3.1.5 (/opt/ros/humble/share/rosidl_generator_cpp/cmake)
-- Using all available rosidl_typesupport_c: rosidl_typesupport_fastrtps_c;rosidl_typesupport_introspection_c
-- Using all available rosidl_typesupport_cpp: rosidl_typesupport_fastrtps_cpp;rosidl_typesupport_introspection_cpp
-- Found rmw_implementation_cmake: 6.1.2 (/opt/ros/humble/share/rmw_implementation_cmake/cmake)
-- Found rmw_cyclonedds_cpp: 1.3.4 (/opt/ros/humble/share/rmw_cyclonedds_cpp/cmake)
-- Using RMW implementation 'rmw_cyclonedds_cpp' as default
-- Looking for pthread.h
-- Looking for pthread.h - found
-- Performing Test CMAKE_HAVE_LIBC_PTHREAD
-- Performing Test CMAKE_HAVE_LIBC_PTHREAD - Success
-- Found Threads: TRUE  
-- Found rclpy: 3.3.14 (/opt/ros/humble/share/rclpy/cmake)
-- Found geometry_msgs: 4.2.4 (/opt/ros/humble/share/geometry_msgs/cmake)
-- Found tf2: 0.25.7 (/opt/ros/humble/share/tf2/cmake)
-- Found tf2_ros: 0.25.7 (/opt/ros/humble/share/tf2_ros/cmake)
-- Found tf2_geometry_msgs: 0.25.7 (/opt/ros/humble/share/tf2_geometry_msgs/cmake)
-- Found eigen3_cmake_module: 0.1.1 (/opt/ros/humble/share/eigen3_cmake_module/cmake)
-- Found Eigen3: TRUE (found version "3.4.0") 
-- Ensuring Eigen3 include directory is part of orocos-kdl CMake target
-- Found std_srvs: 4.2.4 (/opt/ros/humble/share/std_srvs/cmake)
-- Found kdl_parser: 2.6.4 (/opt/ros/humble/share/kdl_parser/cmake)
-- Found sensor_msgs: 4.2.4 (/opt/ros/humble/share/sensor_msgs/cmake)
-- Found realtime_tools: 2.5.0 (/opt/ros/humble/share/realtime_tools/cmake)
-- Found rosbag2_storage: 0.15.12 (/opt/ros/humble/share/rosbag2_storage/cmake)
-- Found rosbag2_transport: 0.15.12 (/opt/ros/humble/share/rosbag2_transport/cmake)
-- Configuring done
-- Generating done
[33mCMake Warning:
  Manually-specified variables were not used by the project:

    CATKIN_INSTALL_INTO_PREFIX_ROOT

[0m
-- Build files have been written to: /media/flora/myros/new_re2_ws/build/nac
[ 50%] [32mBuilding CXX object CMakeFiles/nac.dir/src/nac_nn_two.cpp.o[0m
[100%] [32m[1mLinking CXX static library libnac.a[0m
[100%] Built target nac
-- Install configuration: ""
-- Installing: /media/flora/myros/new_re2_ws/install/nac/lib/libnac.a
-- Installing: /media/flora/myros/new_re2_ws/install/nac/share/ament_index/resource_index/package_run_dependencies/nac
-- Installing: /media/flora/myros/new_re2_ws/install/nac/share/ament_index/resource_index/parent_prefix_path/nac
-- Installing: /media/flora/myros/new_re2_ws/install/nac/share/nac/environment/ament_prefix_path.sh
-- Installing: /media/flora/myros/new_re2_ws/install/nac/share/nac/environment/ament_prefix_path.dsv
-- Installing: /media/flora/myros/new_re2_ws/install/nac/share/nac/environment/path.sh
-- Installing: /media/flora/myros/new_re2_ws/install/nac/share/nac/environment/path.dsv
-- Installing: /media/flora/myros/new_re2_ws/install/nac/share/nac/local_setup.bash
-- Installing: /media/flora/myros/new_re2_ws/install/nac/share/nac/local_setup.sh
-- Installing: /media/flora/myros/new_re2_ws/install/nac/share/nac/local_setup.zsh
-- Installing: /media/flora/myros/new_re2_ws/install/nac/share/nac/local_setup.dsv
-- Installing: /media/flora/myros/new_re2_ws/install/nac/share/nac/package.dsv
-- Installing: /media/flora/myros/new_re2_ws/install/nac/share/ament_index/resource_index/packages/nac
-- Installing: /media/flora/myros/new_re2_ws/install/nac/share/nac/cmake/nacConfig.cmake
-- Installing: /media/flora/myros/new_re2_ws/install/nac/share/nac/cmake/nacConfig-version.cmake
-- Installing: /media/flora/myros/new_re2_ws/install/nac/share/nac/package.xml
