[0.012s] Invoking command in '/media/flora/myros/new_re2_ws/build/nac': CMAKE_PREFIX_PATH=/media/flora/myros/new_re2_ws/install/octocan:${CMAKE_PREFIX_PATH} PKG_CONFIG_PATH=/media/flora/myros/new_re2_ws/install/octocan/lib/x86_64-linux-gnu/pkgconfig:/media/flora/myros/new_re2_ws/install/octocan/lib/pkgconfig ROS_PACKAGE_PATH=/media/flora/myros/new_re2_ws/install/octocan/share /usr/bin/cmake /media/flora/myros/new_re2_ws/src/nac -DCATKIN_INSTALL_INTO_PREFIX_ROOT=0 -DCMAKE_INSTALL_PREFIX=/media/flora/myros/new_re2_ws/install/nac
[0.082s] -- The C compiler identification is GNU 11.4.0
[0.152s] -- The CXX compiler identification is GNU 11.4.0
[0.163s] -- Detecting C compiler ABI info
[0.253s] -- Detecting C compiler ABI info - done
[0.260s] -- Check for working C compiler: /usr/bin/cc - skipped
[0.260s] -- Detecting C compile features
[0.261s] -- Detecting C compile features - done
[0.264s] -- Detecting CXX compiler ABI info
[0.364s] -- Detecting CXX compiler ABI info - done
[0.372s] -- Check for working CXX compiler: /usr/bin/c++ - skipped
[0.372s] -- Detecting CXX compile features
[0.372s] -- Detecting CXX compile features - done
[0.376s] -- Found ament_cmake: 1.3.10 (/opt/ros/humble/share/ament_cmake/cmake)
[0.555s] -- Found Python3: /usr/bin/python3 (found version "3.10.12") found components: Interpreter 
[0.675s] -- Found rclcpp: 16.0.10 (/opt/ros/humble/share/rclcpp/cmake)
[0.740s] -- Found rosidl_generator_c: 3.1.5 (/opt/ros/humble/share/rosidl_generator_c/cmake)
[0.749s] -- Found rosidl_adapter: 3.1.5 (/opt/ros/humble/share/rosidl_adapter/cmake)
[0.761s] -- Found rosidl_generator_cpp: 3.1.5 (/opt/ros/humble/share/rosidl_generator_cpp/cmake)
[0.778s] -- Using all available rosidl_typesupport_c: rosidl_typesupport_fastrtps_c;rosidl_typesupport_introspection_c
[0.800s] -- Using all available rosidl_typesupport_cpp: rosidl_typesupport_fastrtps_cpp;rosidl_typesupport_introspection_cpp
[0.864s] -- Found rmw_implementation_cmake: 6.1.2 (/opt/ros/humble/share/rmw_implementation_cmake/cmake)
[0.870s] -- Found rmw_cyclonedds_cpp: 1.3.4 (/opt/ros/humble/share/rmw_cyclonedds_cpp/cmake)
[0.900s] -- Using RMW implementation 'rmw_cyclonedds_cpp' as default
[0.914s] -- Looking for pthread.h
[1.006s] -- Looking for pthread.h - found
[1.006s] -- Performing Test CMAKE_HAVE_LIBC_PTHREAD
[1.097s] -- Performing Test CMAKE_HAVE_LIBC_PTHREAD - Success
[1.098s] -- Found Threads: TRUE  
[1.162s] -- Found rclpy: 3.3.14 (/opt/ros/humble/share/rclpy/cmake)
[1.165s] -- Found geometry_msgs: 4.2.4 (/opt/ros/humble/share/geometry_msgs/cmake)
[1.181s] -- Found tf2: 0.25.7 (/opt/ros/humble/share/tf2/cmake)
[1.198s] -- Found tf2_ros: 0.25.7 (/opt/ros/humble/share/tf2_ros/cmake)
[1.310s] -- Found tf2_geometry_msgs: 0.25.7 (/opt/ros/humble/share/tf2_geometry_msgs/cmake)
[1.334s] -- Found eigen3_cmake_module: 0.1.1 (/opt/ros/humble/share/eigen3_cmake_module/cmake)
[1.335s] -- Found Eigen3: TRUE (found version "3.4.0") 
[1.335s] -- Ensuring Eigen3 include directory is part of orocos-kdl CMake target
[1.340s] -- Found std_srvs: 4.2.4 (/opt/ros/humble/share/std_srvs/cmake)
[1.352s] -- Found kdl_parser: 2.6.4 (/opt/ros/humble/share/kdl_parser/cmake)
[1.360s] -- Found sensor_msgs: 4.2.4 (/opt/ros/humble/share/sensor_msgs/cmake)
[1.380s] -- Found realtime_tools: 2.5.0 (/opt/ros/humble/share/realtime_tools/cmake)
[1.385s] -- Found rosbag2_storage: 0.15.12 (/opt/ros/humble/share/rosbag2_storage/cmake)
[1.425s] -- Found rosbag2_transport: 0.15.12 (/opt/ros/humble/share/rosbag2_transport/cmake)
[1.545s] -- Configuring done
[1.559s] -- Generating done
[1.561s] [33mCMake Warning:
[1.561s]   Manually-specified variables were not used by the project:
[1.561s] 
[1.561s]     CATKIN_INSTALL_INTO_PREFIX_ROOT
[1.561s] 
[1.561s] [0m
[1.561s] -- Build files have been written to: /media/flora/myros/new_re2_ws/build/nac
[1.573s] Invoked command in '/media/flora/myros/new_re2_ws/build/nac' returned '0': CMAKE_PREFIX_PATH=/media/flora/myros/new_re2_ws/install/octocan:${CMAKE_PREFIX_PATH} PKG_CONFIG_PATH=/media/flora/myros/new_re2_ws/install/octocan/lib/x86_64-linux-gnu/pkgconfig:/media/flora/myros/new_re2_ws/install/octocan/lib/pkgconfig ROS_PACKAGE_PATH=/media/flora/myros/new_re2_ws/install/octocan/share /usr/bin/cmake /media/flora/myros/new_re2_ws/src/nac -DCATKIN_INSTALL_INTO_PREFIX_ROOT=0 -DCMAKE_INSTALL_PREFIX=/media/flora/myros/new_re2_ws/install/nac
[1.575s] Invoking command in '/media/flora/myros/new_re2_ws/build/nac': CMAKE_PREFIX_PATH=/media/flora/myros/new_re2_ws/install/octocan:${CMAKE_PREFIX_PATH} PKG_CONFIG_PATH=/media/flora/myros/new_re2_ws/install/octocan/lib/x86_64-linux-gnu/pkgconfig:/media/flora/myros/new_re2_ws/install/octocan/lib/pkgconfig ROS_PACKAGE_PATH=/media/flora/myros/new_re2_ws/install/octocan/share /usr/bin/cmake --build /media/flora/myros/new_re2_ws/build/nac -- -j16 -l16
[1.639s] [ 50%] [32mBuilding CXX object CMakeFiles/nac.dir/src/nac_nn_two.cpp.o[0m
[7.486s] [100%] [32m[1mLinking CXX static library libnac.a[0m
[7.613s] [100%] Built target nac
[7.627s] Invoked command in '/media/flora/myros/new_re2_ws/build/nac' returned '0': CMAKE_PREFIX_PATH=/media/flora/myros/new_re2_ws/install/octocan:${CMAKE_PREFIX_PATH} PKG_CONFIG_PATH=/media/flora/myros/new_re2_ws/install/octocan/lib/x86_64-linux-gnu/pkgconfig:/media/flora/myros/new_re2_ws/install/octocan/lib/pkgconfig ROS_PACKAGE_PATH=/media/flora/myros/new_re2_ws/install/octocan/share /usr/bin/cmake --build /media/flora/myros/new_re2_ws/build/nac -- -j16 -l16
[7.703s] Invoking command in '/media/flora/myros/new_re2_ws/build/nac': CMAKE_PREFIX_PATH=/media/flora/myros/new_re2_ws/install/octocan:${CMAKE_PREFIX_PATH} PKG_CONFIG_PATH=/media/flora/myros/new_re2_ws/install/octocan/lib/x86_64-linux-gnu/pkgconfig:/media/flora/myros/new_re2_ws/install/octocan/lib/pkgconfig ROS_PACKAGE_PATH=/media/flora/myros/new_re2_ws/install/octocan/share /usr/bin/cmake --install /media/flora/myros/new_re2_ws/build/nac
[7.712s] -- Install configuration: ""
[7.712s] -- Installing: /media/flora/myros/new_re2_ws/install/nac/lib/libnac.a
[7.721s] -- Installing: /media/flora/myros/new_re2_ws/install/nac/share/ament_index/resource_index/package_run_dependencies/nac
[7.721s] -- Installing: /media/flora/myros/new_re2_ws/install/nac/share/ament_index/resource_index/parent_prefix_path/nac
[7.722s] -- Installing: /media/flora/myros/new_re2_ws/install/nac/share/nac/environment/ament_prefix_path.sh
[7.722s] -- Installing: /media/flora/myros/new_re2_ws/install/nac/share/nac/environment/ament_prefix_path.dsv
[7.722s] -- Installing: /media/flora/myros/new_re2_ws/install/nac/share/nac/environment/path.sh
[7.722s] -- Installing: /media/flora/myros/new_re2_ws/install/nac/share/nac/environment/path.dsv
[7.722s] -- Installing: /media/flora/myros/new_re2_ws/install/nac/share/nac/local_setup.bash
[7.723s] -- Installing: /media/flora/myros/new_re2_ws/install/nac/share/nac/local_setup.sh
[7.723s] -- Installing: /media/flora/myros/new_re2_ws/install/nac/share/nac/local_setup.zsh
[7.723s] -- Installing: /media/flora/myros/new_re2_ws/install/nac/share/nac/local_setup.dsv
[7.723s] -- Installing: /media/flora/myros/new_re2_ws/install/nac/share/nac/package.dsv
[7.724s] -- Installing: /media/flora/myros/new_re2_ws/install/nac/share/ament_index/resource_index/packages/nac
[7.724s] -- Installing: /media/flora/myros/new_re2_ws/install/nac/share/nac/cmake/nacConfig.cmake
[7.724s] -- Installing: /media/flora/myros/new_re2_ws/install/nac/share/nac/cmake/nacConfig-version.cmake
[7.724s] -- Installing: /media/flora/myros/new_re2_ws/install/nac/share/nac/package.xml
[7.727s] Invoked command in '/media/flora/myros/new_re2_ws/build/nac' returned '0': CMAKE_PREFIX_PATH=/media/flora/myros/new_re2_ws/install/octocan:${CMAKE_PREFIX_PATH} PKG_CONFIG_PATH=/media/flora/myros/new_re2_ws/install/octocan/lib/x86_64-linux-gnu/pkgconfig:/media/flora/myros/new_re2_ws/install/octocan/lib/pkgconfig ROS_PACKAGE_PATH=/media/flora/myros/new_re2_ws/install/octocan/share /usr/bin/cmake --install /media/flora/myros/new_re2_ws/build/nac
