[0.236s] DEBUG:colcon:Command line arguments: ['/usr/bin/colcon', 'build']
[0.236s] DEBUG:colcon:Parsed command line arguments: Namespace(log_base=None, log_level=None, verb_name='build', build_base='build', install_base='install', merge_install=False, symlink_install=False, test_result_base=None, continue_on_error=False, executor='parallel', parallel_workers=16, event_handlers=None, ignore_user_meta=False, metas=['./colcon.meta'], base_paths=['.'], packages_ignore=None, packages_ignore_regex=None, paths=None, packages_up_to=None, packages_up_to_regex=None, packages_above=None, packages_above_and_dependencies=None, packages_above_depth=None, packages_select_by_dep=None, packages_skip_by_dep=None, packages_skip_up_to=None, packages_select_build_failed=False, packages_skip_build_finished=False, packages_select_test_failures=False, packages_skip_test_passed=False, packages_select=None, packages_skip=None, packages_select_regex=None, packages_skip_regex=None, packages_start=None, packages_end=None, allow_overriding=[], cmake_args=None, cmake_target=None, cmake_target_skip_unavailable=False, cmake_clean_cache=False, cmake_clean_first=False, cmake_force_configure=False, ament_cmake_args=None, catkin_cmake_args=None, catkin_skip_building_tests=False, mixin_files=None, mixin=None, verb_parser=<colcon_mixin.mixin.mixin_argument.MixinArgumentDecorator object at 0x79c7c852db70>, verb_extension=<colcon_core.verb.build.BuildVerb object at 0x79c7c852d5a0>, main=<bound method BuildVerb.main of <colcon_core.verb.build.BuildVerb object at 0x79c7c852d5a0>>, mixin_verb=('build',))
[0.620s] Level 1:colcon.colcon_core.package_discovery:discover_packages(colcon_meta) check parameters
[0.620s] Level 1:colcon.colcon_core.package_discovery:discover_packages(recursive) check parameters
[0.620s] Level 1:colcon.colcon_core.package_discovery:discover_packages(ignore) check parameters
[0.620s] Level 1:colcon.colcon_core.package_discovery:discover_packages(path) check parameters
[0.620s] Level 1:colcon.colcon_core.package_discovery:discover_packages(colcon_meta) discover
[0.620s] Level 1:colcon.colcon_core.package_discovery:discover_packages(recursive) discover
[0.620s] INFO:colcon.colcon_core.package_discovery:Crawling recursively for packages in '/media/flora/myros/new_re2_ws'
[0.620s] Level 1:colcon.colcon_core.package_identification:_identify(.) by extensions ['ignore', 'ignore_ament_install']
[0.620s] Level 1:colcon.colcon_core.package_identification:_identify(.) by extension 'ignore'
[0.620s] Level 1:colcon.colcon_core.package_identification:_identify(.) by extension 'ignore_ament_install'
[0.620s] Level 1:colcon.colcon_core.package_identification:_identify(.) by extensions ['colcon_pkg']
[0.620s] Level 1:colcon.colcon_core.package_identification:_identify(.) by extension 'colcon_pkg'
[0.620s] Level 1:colcon.colcon_core.package_identification:_identify(.) by extensions ['colcon_meta']
[0.620s] Level 1:colcon.colcon_core.package_identification:_identify(.) by extension 'colcon_meta'
[0.621s] Level 1:colcon.colcon_core.package_identification:_identify(.) by extensions ['ros']
[0.621s] Level 1:colcon.colcon_core.package_identification:_identify(.) by extension 'ros'
[0.634s] Level 1:colcon.colcon_core.package_identification:_identify(.) by extensions ['cmake', 'python']
[0.634s] Level 1:colcon.colcon_core.package_identification:_identify(.) by extension 'cmake'
[0.635s] Level 1:colcon.colcon_core.package_identification:_identify(.) by extension 'python'
[0.635s] Level 1:colcon.colcon_core.package_identification:_identify(.) by extensions ['python_setup_py']
[0.635s] Level 1:colcon.colcon_core.package_identification:_identify(.) by extension 'python_setup_py'
[0.635s] Level 1:colcon.colcon_core.package_identification:_identify(build) by extensions ['ignore', 'ignore_ament_install']
[0.635s] Level 1:colcon.colcon_core.package_identification:_identify(build) by extension 'ignore'
[0.635s] Level 1:colcon.colcon_core.package_identification:_identify(build) ignored
[0.636s] Level 1:colcon.colcon_core.package_identification:_identify(install) by extensions ['ignore', 'ignore_ament_install']
[0.636s] Level 1:colcon.colcon_core.package_identification:_identify(install) by extension 'ignore'
[0.636s] Level 1:colcon.colcon_core.package_identification:_identify(install) ignored
[0.636s] Level 1:colcon.colcon_core.package_identification:_identify(log) by extensions ['ignore', 'ignore_ament_install']
[0.636s] Level 1:colcon.colcon_core.package_identification:_identify(log) by extension 'ignore'
[0.636s] Level 1:colcon.colcon_core.package_identification:_identify(log) ignored
[0.636s] Level 1:colcon.colcon_core.package_identification:_identify(src) by extensions ['ignore', 'ignore_ament_install']
[0.636s] Level 1:colcon.colcon_core.package_identification:_identify(src) by extension 'ignore'
[0.636s] Level 1:colcon.colcon_core.package_identification:_identify(src) by extension 'ignore_ament_install'
[0.636s] Level 1:colcon.colcon_core.package_identification:_identify(src) by extensions ['colcon_pkg']
[0.636s] Level 1:colcon.colcon_core.package_identification:_identify(src) by extension 'colcon_pkg'
[0.636s] Level 1:colcon.colcon_core.package_identification:_identify(src) by extensions ['colcon_meta']
[0.636s] Level 1:colcon.colcon_core.package_identification:_identify(src) by extension 'colcon_meta'
[0.636s] Level 1:colcon.colcon_core.package_identification:_identify(src) by extensions ['ros']
[0.636s] Level 1:colcon.colcon_core.package_identification:_identify(src) by extension 'ros'
[0.636s] Level 1:colcon.colcon_core.package_identification:_identify(src) by extensions ['cmake', 'python']
[0.637s] Level 1:colcon.colcon_core.package_identification:_identify(src) by extension 'cmake'
[0.637s] Level 1:colcon.colcon_core.package_identification:_identify(src) by extension 'python'
[0.637s] Level 1:colcon.colcon_core.package_identification:_identify(src) by extensions ['python_setup_py']
[0.637s] Level 1:colcon.colcon_core.package_identification:_identify(src) by extension 'python_setup_py'
[0.637s] Level 1:colcon.colcon_core.package_identification:_identify(src/build) by extensions ['ignore', 'ignore_ament_install']
[0.637s] Level 1:colcon.colcon_core.package_identification:_identify(src/build) by extension 'ignore'
[0.637s] Level 1:colcon.colcon_core.package_identification:_identify(src/build) ignored
[0.637s] Level 1:colcon.colcon_core.package_identification:_identify(src/install) by extensions ['ignore', 'ignore_ament_install']
[0.637s] Level 1:colcon.colcon_core.package_identification:_identify(src/install) by extension 'ignore'
[0.637s] Level 1:colcon.colcon_core.package_identification:_identify(src/install) ignored
[0.637s] Level 1:colcon.colcon_core.package_identification:_identify(src/log) by extensions ['ignore', 'ignore_ament_install']
[0.637s] Level 1:colcon.colcon_core.package_identification:_identify(src/log) by extension 'ignore'
[0.637s] Level 1:colcon.colcon_core.package_identification:_identify(src/log) ignored
[0.638s] Level 1:colcon.colcon_core.package_identification:_identify(src/nac) by extensions ['ignore', 'ignore_ament_install']
[0.638s] Level 1:colcon.colcon_core.package_identification:_identify(src/nac) by extension 'ignore'
[0.638s] Level 1:colcon.colcon_core.package_identification:_identify(src/nac) by extension 'ignore_ament_install'
[0.638s] Level 1:colcon.colcon_core.package_identification:_identify(src/nac) by extensions ['colcon_pkg']
[0.638s] Level 1:colcon.colcon_core.package_identification:_identify(src/nac) by extension 'colcon_pkg'
[0.638s] Level 1:colcon.colcon_core.package_identification:_identify(src/nac) by extensions ['colcon_meta']
[0.638s] Level 1:colcon.colcon_core.package_identification:_identify(src/nac) by extension 'colcon_meta'
[0.638s] Level 1:colcon.colcon_core.package_identification:_identify(src/nac) by extensions ['ros']
[0.638s] Level 1:colcon.colcon_core.package_identification:_identify(src/nac) by extension 'ros'
[0.642s] DEBUG:colcon.colcon_core.package_identification:Package 'src/nac' with type 'ros.catkin' and name 'nac'
[0.643s] Level 1:colcon.colcon_core.package_identification:_identify(src/octocan) by extensions ['ignore', 'ignore_ament_install']
[0.643s] Level 1:colcon.colcon_core.package_identification:_identify(src/octocan) by extension 'ignore'
[0.643s] Level 1:colcon.colcon_core.package_identification:_identify(src/octocan) by extension 'ignore_ament_install'
[0.643s] Level 1:colcon.colcon_core.package_identification:_identify(src/octocan) by extensions ['colcon_pkg']
[0.643s] Level 1:colcon.colcon_core.package_identification:_identify(src/octocan) by extension 'colcon_pkg'
[0.643s] Level 1:colcon.colcon_core.package_identification:_identify(src/octocan) by extensions ['colcon_meta']
[0.643s] Level 1:colcon.colcon_core.package_identification:_identify(src/octocan) by extension 'colcon_meta'
[0.643s] Level 1:colcon.colcon_core.package_identification:_identify(src/octocan) by extensions ['ros']
[0.643s] Level 1:colcon.colcon_core.package_identification:_identify(src/octocan) by extension 'ros'
[0.644s] DEBUG:colcon.colcon_core.package_identification:Package 'src/octocan' with type 'ros.catkin' and name 'octocan'
[0.644s] Level 1:colcon.colcon_core.package_identification:_identify(src/re2_flexiforce) by extensions ['ignore', 'ignore_ament_install']
[0.644s] Level 1:colcon.colcon_core.package_identification:_identify(src/re2_flexiforce) by extension 'ignore'
[0.644s] Level 1:colcon.colcon_core.package_identification:_identify(src/re2_flexiforce) by extension 'ignore_ament_install'
[0.644s] Level 1:colcon.colcon_core.package_identification:_identify(src/re2_flexiforce) by extensions ['colcon_pkg']
[0.644s] Level 1:colcon.colcon_core.package_identification:_identify(src/re2_flexiforce) by extension 'colcon_pkg'
[0.644s] Level 1:colcon.colcon_core.package_identification:_identify(src/re2_flexiforce) by extensions ['colcon_meta']
[0.644s] Level 1:colcon.colcon_core.package_identification:_identify(src/re2_flexiforce) by extension 'colcon_meta'
[0.644s] Level 1:colcon.colcon_core.package_identification:_identify(src/re2_flexiforce) by extensions ['ros']
[0.644s] Level 1:colcon.colcon_core.package_identification:_identify(src/re2_flexiforce) by extension 'ros'
[0.658s] DEBUG:colcon.colcon_core.package_identification:Package 'src/re2_flexiforce' with type 'ros.catkin' and name 're2_flexiforce'
[0.658s] Level 1:colcon.colcon_core.package_discovery:discover_packages(recursive) using defaults
[0.658s] Level 1:colcon.colcon_core.package_discovery:discover_packages(ignore) discover
[0.658s] Level 1:colcon.colcon_core.package_discovery:discover_packages(ignore) using defaults
[0.658s] Level 1:colcon.colcon_core.package_discovery:discover_packages(path) discover
[0.658s] Level 1:colcon.colcon_core.package_discovery:discover_packages(path) using defaults
[0.686s] Level 1:colcon.colcon_core.package_discovery:discover_packages(prefix_path) check parameters
[0.686s] Level 1:colcon.colcon_core.package_discovery:discover_packages(prefix_path) discover
[0.689s] DEBUG:colcon.colcon_installed_package_information.package_discovery:Found 5 installed packages in /media/flora/myros/indy-ros2/install
[0.692s] DEBUG:colcon.colcon_installed_package_information.package_discovery:Found 381 installed packages in /opt/ros/humble
[0.693s] Level 1:colcon.colcon_core.package_discovery:discover_packages(prefix_path) using defaults
[0.749s] Level 5:colcon.colcon_core.verb:set package 'octocan' build argument 'cmake_args' from command line to 'None'
[0.749s] Level 5:colcon.colcon_core.verb:set package 'octocan' build argument 'cmake_target' from command line to 'None'
[0.749s] Level 5:colcon.colcon_core.verb:set package 'octocan' build argument 'cmake_target_skip_unavailable' from command line to 'False'
[0.749s] Level 5:colcon.colcon_core.verb:set package 'octocan' build argument 'cmake_clean_cache' from command line to 'False'
[0.749s] Level 5:colcon.colcon_core.verb:set package 'octocan' build argument 'cmake_clean_first' from command line to 'False'
[0.750s] Level 5:colcon.colcon_core.verb:set package 'octocan' build argument 'cmake_force_configure' from command line to 'False'
[0.750s] Level 5:colcon.colcon_core.verb:set package 'octocan' build argument 'ament_cmake_args' from command line to 'None'
[0.750s] Level 5:colcon.colcon_core.verb:set package 'octocan' build argument 'catkin_cmake_args' from command line to 'None'
[0.750s] Level 5:colcon.colcon_core.verb:set package 'octocan' build argument 'catkin_skip_building_tests' from command line to 'False'
[0.750s] DEBUG:colcon.colcon_core.verb:Building package 'octocan' with the following arguments: {'ament_cmake_args': None, 'build_base': '/media/flora/myros/new_re2_ws/build/octocan', 'catkin_cmake_args': None, 'catkin_skip_building_tests': False, 'cmake_args': None, 'cmake_clean_cache': False, 'cmake_clean_first': False, 'cmake_force_configure': False, 'cmake_target': None, 'cmake_target_skip_unavailable': False, 'install_base': '/media/flora/myros/new_re2_ws/install/octocan', 'merge_install': False, 'path': '/media/flora/myros/new_re2_ws/src/octocan', 'symlink_install': False, 'test_result_base': None}
[0.750s] Level 5:colcon.colcon_core.verb:set package 'nac' build argument 'cmake_args' from command line to 'None'
[0.750s] Level 5:colcon.colcon_core.verb:set package 'nac' build argument 'cmake_target' from command line to 'None'
[0.750s] Level 5:colcon.colcon_core.verb:set package 'nac' build argument 'cmake_target_skip_unavailable' from command line to 'False'
[0.750s] Level 5:colcon.colcon_core.verb:set package 'nac' build argument 'cmake_clean_cache' from command line to 'False'
[0.750s] Level 5:colcon.colcon_core.verb:set package 'nac' build argument 'cmake_clean_first' from command line to 'False'
[0.750s] Level 5:colcon.colcon_core.verb:set package 'nac' build argument 'cmake_force_configure' from command line to 'False'
[0.750s] Level 5:colcon.colcon_core.verb:set package 'nac' build argument 'ament_cmake_args' from command line to 'None'
[0.750s] Level 5:colcon.colcon_core.verb:set package 'nac' build argument 'catkin_cmake_args' from command line to 'None'
[0.750s] Level 5:colcon.colcon_core.verb:set package 'nac' build argument 'catkin_skip_building_tests' from command line to 'False'
[0.750s] DEBUG:colcon.colcon_core.verb:Building package 'nac' with the following arguments: {'ament_cmake_args': None, 'build_base': '/media/flora/myros/new_re2_ws/build/nac', 'catkin_cmake_args': None, 'catkin_skip_building_tests': False, 'cmake_args': None, 'cmake_clean_cache': False, 'cmake_clean_first': False, 'cmake_force_configure': False, 'cmake_target': None, 'cmake_target_skip_unavailable': False, 'install_base': '/media/flora/myros/new_re2_ws/install/nac', 'merge_install': False, 'path': '/media/flora/myros/new_re2_ws/src/nac', 'symlink_install': False, 'test_result_base': None}
[0.751s] Level 5:colcon.colcon_core.verb:set package 're2_flexiforce' build argument 'cmake_args' from command line to 'None'
[0.751s] Level 5:colcon.colcon_core.verb:set package 're2_flexiforce' build argument 'cmake_target' from command line to 'None'
[0.751s] Level 5:colcon.colcon_core.verb:set package 're2_flexiforce' build argument 'cmake_target_skip_unavailable' from command line to 'False'
[0.751s] Level 5:colcon.colcon_core.verb:set package 're2_flexiforce' build argument 'cmake_clean_cache' from command line to 'False'
[0.751s] Level 5:colcon.colcon_core.verb:set package 're2_flexiforce' build argument 'cmake_clean_first' from command line to 'False'
[0.751s] Level 5:colcon.colcon_core.verb:set package 're2_flexiforce' build argument 'cmake_force_configure' from command line to 'False'
[0.751s] Level 5:colcon.colcon_core.verb:set package 're2_flexiforce' build argument 'ament_cmake_args' from command line to 'None'
[0.751s] Level 5:colcon.colcon_core.verb:set package 're2_flexiforce' build argument 'catkin_cmake_args' from command line to 'None'
[0.751s] Level 5:colcon.colcon_core.verb:set package 're2_flexiforce' build argument 'catkin_skip_building_tests' from command line to 'False'
[0.751s] DEBUG:colcon.colcon_core.verb:Building package 're2_flexiforce' with the following arguments: {'ament_cmake_args': None, 'build_base': '/media/flora/myros/new_re2_ws/build/re2_flexiforce', 'catkin_cmake_args': None, 'catkin_skip_building_tests': False, 'cmake_args': None, 'cmake_clean_cache': False, 'cmake_clean_first': False, 'cmake_force_configure': False, 'cmake_target': None, 'cmake_target_skip_unavailable': False, 'install_base': '/media/flora/myros/new_re2_ws/install/re2_flexiforce', 'merge_install': False, 'path': '/media/flora/myros/new_re2_ws/src/re2_flexiforce', 'symlink_install': False, 'test_result_base': None}
[0.751s] INFO:colcon.colcon_core.executor:Executing jobs using 'parallel' executor
[0.752s] DEBUG:colcon.colcon_parallel_executor.executor.parallel:run_until_complete
[0.753s] INFO:colcon.colcon_ros.task.catkin.build:Building ROS package in '/media/flora/myros/new_re2_ws/src/octocan' with build type 'catkin'
[0.753s] INFO:colcon.colcon_cmake.task.cmake.build:Building CMake package in '/media/flora/myros/new_re2_ws/src/octocan'
[0.757s] INFO:colcon.colcon_core.plugin_system:Skipping extension 'colcon_core.shell.bat': Not used on non-Windows systems
[0.757s] INFO:colcon.colcon_core.shell:Skip shell extension 'powershell' for command environment: Not usable outside of PowerShell
[0.757s] DEBUG:colcon.colcon_core.shell:Skip shell extension 'dsv' for command environment
[0.769s] DEBUG:colcon.colcon_core.event_handler.log_command:Invoking command in '/media/flora/myros/new_re2_ws/build/octocan': /usr/bin/cmake --build /media/flora/myros/new_re2_ws/build/octocan -- -j16 -l16
[0.860s] DEBUG:colcon.colcon_core.event_handler.log_command:Invoked command in '/media/flora/myros/new_re2_ws/build/octocan' returned '0': /usr/bin/cmake --build /media/flora/myros/new_re2_ws/build/octocan -- -j16 -l16
[0.968s] DEBUG:colcon.colcon_core.event_handler.log_command:Invoking command in '/media/flora/myros/new_re2_ws/build/octocan': /usr/bin/cmake --install /media/flora/myros/new_re2_ws/build/octocan
[0.991s] DEBUG:colcon.colcon_core.event_handler.log_command:Invoked command in '/media/flora/myros/new_re2_ws/build/octocan' returned '0': /usr/bin/cmake --install /media/flora/myros/new_re2_ws/build/octocan
[1.037s] Level 1:colcon.colcon_core.shell:create_environment_hook('octocan', 'ros_package_path')
[1.038s] INFO:colcon.colcon_core.shell:Creating environment hook '/media/flora/myros/new_re2_ws/install/octocan/share/octocan/hook/ros_package_path.ps1'
[1.039s] INFO:colcon.colcon_core.shell:Creating environment descriptor '/media/flora/myros/new_re2_ws/install/octocan/share/octocan/hook/ros_package_path.dsv'
[1.040s] INFO:colcon.colcon_core.shell:Creating environment hook '/media/flora/myros/new_re2_ws/install/octocan/share/octocan/hook/ros_package_path.sh'
[1.040s] Level 1:colcon.colcon_core.shell:create_environment_hook('octocan', 'pkg_config_path')
[1.041s] INFO:colcon.colcon_core.shell:Creating environment hook '/media/flora/myros/new_re2_ws/install/octocan/share/octocan/hook/pkg_config_path.ps1'
[1.041s] INFO:colcon.colcon_core.shell:Creating environment descriptor '/media/flora/myros/new_re2_ws/install/octocan/share/octocan/hook/pkg_config_path.dsv'
[1.041s] INFO:colcon.colcon_core.shell:Creating environment hook '/media/flora/myros/new_re2_ws/install/octocan/share/octocan/hook/pkg_config_path.sh'
[1.045s] Level 1:colcon.colcon_core.shell:create_environment_hook('octocan', 'pkg_config_path_multiarch')
[1.045s] INFO:colcon.colcon_core.shell:Creating environment hook '/media/flora/myros/new_re2_ws/install/octocan/share/octocan/hook/pkg_config_path_multiarch.ps1'
[1.045s] INFO:colcon.colcon_core.shell:Creating environment descriptor '/media/flora/myros/new_re2_ws/install/octocan/share/octocan/hook/pkg_config_path_multiarch.dsv'
[1.046s] INFO:colcon.colcon_core.shell:Creating environment hook '/media/flora/myros/new_re2_ws/install/octocan/share/octocan/hook/pkg_config_path_multiarch.sh'
[1.047s] Level 1:colcon.colcon_core.environment:create_environment_scripts_only(octocan)
[1.052s] Level 1:colcon.colcon_core.environment:checking '/media/flora/myros/new_re2_ws/install/octocan' for CMake module files
[1.053s] Level 1:colcon.colcon_core.environment:checking '/media/flora/myros/new_re2_ws/install/octocan' for CMake config files
[1.055s] Level 1:colcon.colcon_core.shell:create_environment_hook('octocan', 'cmake_prefix_path')
[1.055s] INFO:colcon.colcon_core.shell:Creating environment hook '/media/flora/myros/new_re2_ws/install/octocan/share/octocan/hook/cmake_prefix_path.ps1'
[1.056s] INFO:colcon.colcon_core.shell:Creating environment descriptor '/media/flora/myros/new_re2_ws/install/octocan/share/octocan/hook/cmake_prefix_path.dsv'
[1.056s] INFO:colcon.colcon_core.shell:Creating environment hook '/media/flora/myros/new_re2_ws/install/octocan/share/octocan/hook/cmake_prefix_path.sh'
[1.057s] Level 1:colcon.colcon_core.environment:checking '/media/flora/myros/new_re2_ws/install/octocan/lib'
[1.057s] Level 1:colcon.colcon_core.environment:checking '/media/flora/myros/new_re2_ws/install/octocan/bin'
[1.057s] Level 1:colcon.colcon_core.environment:checking '/media/flora/myros/new_re2_ws/install/octocan/lib/pkgconfig/octocan.pc'
[1.057s] Level 1:colcon.colcon_core.environment:checking '/media/flora/myros/new_re2_ws/install/octocan/lib/python3.10/site-packages'
[1.058s] Level 1:colcon.colcon_core.environment:checking '/media/flora/myros/new_re2_ws/install/octocan/bin'
[1.058s] INFO:colcon.colcon_core.shell:Creating package script '/media/flora/myros/new_re2_ws/install/octocan/share/octocan/package.ps1'
[1.059s] INFO:colcon.colcon_core.shell:Creating package descriptor '/media/flora/myros/new_re2_ws/install/octocan/share/octocan/package.dsv'
[1.060s] INFO:colcon.colcon_core.shell:Creating package script '/media/flora/myros/new_re2_ws/install/octocan/share/octocan/package.sh'
[1.061s] INFO:colcon.colcon_core.shell:Creating package script '/media/flora/myros/new_re2_ws/install/octocan/share/octocan/package.bash'
[1.061s] INFO:colcon.colcon_core.shell:Creating package script '/media/flora/myros/new_re2_ws/install/octocan/share/octocan/package.zsh'
[1.062s] Level 1:colcon.colcon_core.environment:create_file_with_runtime_dependencies(/media/flora/myros/new_re2_ws/install/octocan/share/colcon-core/packages/octocan)
[1.063s] INFO:colcon.colcon_ros.task.catkin.build:Building ROS package in '/media/flora/myros/new_re2_ws/src/nac' with build type 'catkin'
[1.063s] INFO:colcon.colcon_cmake.task.cmake.build:Building CMake package in '/media/flora/myros/new_re2_ws/src/nac'
[1.063s] INFO:colcon.colcon_core.shell:Skip shell extension 'powershell' for command environment: Not usable outside of PowerShell
[1.063s] DEBUG:colcon.colcon_core.shell:Skip shell extension 'dsv' for command environment
[1.068s] INFO:colcon.colcon_ros.task.catkin.build:Building ROS package in '/media/flora/myros/new_re2_ws/src/re2_flexiforce' with build type 'catkin'
[1.068s] INFO:colcon.colcon_cmake.task.cmake.build:Building CMake package in '/media/flora/myros/new_re2_ws/src/re2_flexiforce'
[1.069s] INFO:colcon.colcon_core.shell:Skip shell extension 'powershell' for command environment: Not usable outside of PowerShell
[1.069s] DEBUG:colcon.colcon_core.shell:Skip shell extension 'dsv' for command environment
[1.079s] DEBUG:colcon.colcon_core.event_handler.log_command:Invoking command in '/media/flora/myros/new_re2_ws/build/nac': CMAKE_PREFIX_PATH=/media/flora/myros/new_re2_ws/install/octocan:${CMAKE_PREFIX_PATH} PKG_CONFIG_PATH=/media/flora/myros/new_re2_ws/install/octocan/lib/x86_64-linux-gnu/pkgconfig:/media/flora/myros/new_re2_ws/install/octocan/lib/pkgconfig ROS_PACKAGE_PATH=/media/flora/myros/new_re2_ws/install/octocan/share /usr/bin/cmake --build /media/flora/myros/new_re2_ws/build/nac -- -j16 -l16
[1.082s] DEBUG:colcon.colcon_core.event_handler.log_command:Invoking command in '/media/flora/myros/new_re2_ws/build/re2_flexiforce': CMAKE_PREFIX_PATH=/media/flora/myros/new_re2_ws/install/octocan:${CMAKE_PREFIX_PATH} PKG_CONFIG_PATH=/media/flora/myros/new_re2_ws/install/octocan/lib/x86_64-linux-gnu/pkgconfig:/media/flora/myros/new_re2_ws/install/octocan/lib/pkgconfig ROS_PACKAGE_PATH=/media/flora/myros/new_re2_ws/install/octocan/share /usr/bin/cmake /media/flora/myros/new_re2_ws/src/re2_flexiforce -DCATKIN_INSTALL_INTO_PREFIX_ROOT=0 -DCMAKE_INSTALL_PREFIX=/media/flora/myros/new_re2_ws/install/re2_flexiforce
[1.175s] DEBUG:colcon.colcon_core.event_handler.log_command:Invoked command in '/media/flora/myros/new_re2_ws/build/nac' returned '0': CMAKE_PREFIX_PATH=/media/flora/myros/new_re2_ws/install/octocan:${CMAKE_PREFIX_PATH} PKG_CONFIG_PATH=/media/flora/myros/new_re2_ws/install/octocan/lib/x86_64-linux-gnu/pkgconfig:/media/flora/myros/new_re2_ws/install/octocan/lib/pkgconfig ROS_PACKAGE_PATH=/media/flora/myros/new_re2_ws/install/octocan/share /usr/bin/cmake --build /media/flora/myros/new_re2_ws/build/nac -- -j16 -l16
[1.254s] DEBUG:colcon.colcon_core.event_handler.log_command:Invoking command in '/media/flora/myros/new_re2_ws/build/nac': CMAKE_PREFIX_PATH=/media/flora/myros/new_re2_ws/install/octocan:${CMAKE_PREFIX_PATH} PKG_CONFIG_PATH=/media/flora/myros/new_re2_ws/install/octocan/lib/x86_64-linux-gnu/pkgconfig:/media/flora/myros/new_re2_ws/install/octocan/lib/pkgconfig ROS_PACKAGE_PATH=/media/flora/myros/new_re2_ws/install/octocan/share /usr/bin/cmake --install /media/flora/myros/new_re2_ws/build/nac
[1.269s] DEBUG:colcon.colcon_core.event_handler.log_command:Invoked command in '/media/flora/myros/new_re2_ws/build/nac' returned '0': CMAKE_PREFIX_PATH=/media/flora/myros/new_re2_ws/install/octocan:${CMAKE_PREFIX_PATH} PKG_CONFIG_PATH=/media/flora/myros/new_re2_ws/install/octocan/lib/x86_64-linux-gnu/pkgconfig:/media/flora/myros/new_re2_ws/install/octocan/lib/pkgconfig ROS_PACKAGE_PATH=/media/flora/myros/new_re2_ws/install/octocan/share /usr/bin/cmake --install /media/flora/myros/new_re2_ws/build/nac
[1.306s] Level 1:colcon.colcon_core.shell:create_environment_hook('nac', 'ros_package_path')
[1.307s] INFO:colcon.colcon_core.shell:Creating environment hook '/media/flora/myros/new_re2_ws/install/nac/share/nac/hook/ros_package_path.ps1'
[1.307s] INFO:colcon.colcon_core.shell:Creating environment descriptor '/media/flora/myros/new_re2_ws/install/nac/share/nac/hook/ros_package_path.dsv'
[1.308s] INFO:colcon.colcon_core.shell:Creating environment hook '/media/flora/myros/new_re2_ws/install/nac/share/nac/hook/ros_package_path.sh'
[1.308s] Level 1:colcon.colcon_core.shell:create_environment_hook('nac', 'pkg_config_path')
[1.308s] INFO:colcon.colcon_core.shell:Creating environment hook '/media/flora/myros/new_re2_ws/install/nac/share/nac/hook/pkg_config_path.ps1'
[1.309s] INFO:colcon.colcon_core.shell:Creating environment descriptor '/media/flora/myros/new_re2_ws/install/nac/share/nac/hook/pkg_config_path.dsv'
[1.309s] INFO:colcon.colcon_core.shell:Creating environment hook '/media/flora/myros/new_re2_ws/install/nac/share/nac/hook/pkg_config_path.sh'
[1.310s] Level 1:colcon.colcon_core.shell:create_environment_hook('nac', 'pkg_config_path_multiarch')
[1.310s] INFO:colcon.colcon_core.shell:Creating environment hook '/media/flora/myros/new_re2_ws/install/nac/share/nac/hook/pkg_config_path_multiarch.ps1'
[1.310s] INFO:colcon.colcon_core.shell:Creating environment descriptor '/media/flora/myros/new_re2_ws/install/nac/share/nac/hook/pkg_config_path_multiarch.dsv'
[1.310s] INFO:colcon.colcon_core.shell:Creating environment hook '/media/flora/myros/new_re2_ws/install/nac/share/nac/hook/pkg_config_path_multiarch.sh'
[1.311s] Level 1:colcon.colcon_core.environment:create_environment_scripts_only(nac)
[1.311s] Level 1:colcon.colcon_core.environment:checking '/media/flora/myros/new_re2_ws/install/nac' for CMake module files
[1.312s] Level 1:colcon.colcon_core.environment:checking '/media/flora/myros/new_re2_ws/install/nac' for CMake config files
[1.314s] Level 1:colcon.colcon_core.shell:create_environment_hook('nac', 'cmake_prefix_path')
[1.314s] INFO:colcon.colcon_core.shell:Creating environment hook '/media/flora/myros/new_re2_ws/install/nac/share/nac/hook/cmake_prefix_path.ps1'
[1.314s] INFO:colcon.colcon_core.shell:Creating environment descriptor '/media/flora/myros/new_re2_ws/install/nac/share/nac/hook/cmake_prefix_path.dsv'
[1.315s] INFO:colcon.colcon_core.shell:Creating environment hook '/media/flora/myros/new_re2_ws/install/nac/share/nac/hook/cmake_prefix_path.sh'
[1.315s] Level 1:colcon.colcon_core.environment:checking '/media/flora/myros/new_re2_ws/install/nac/lib'
[1.316s] Level 1:colcon.colcon_core.environment:checking '/media/flora/myros/new_re2_ws/install/nac/bin'
[1.316s] Level 1:colcon.colcon_core.environment:checking '/media/flora/myros/new_re2_ws/install/nac/lib/pkgconfig/nac.pc'
[1.316s] Level 1:colcon.colcon_core.environment:checking '/media/flora/myros/new_re2_ws/install/nac/lib/python3.10/site-packages'
[1.316s] Level 1:colcon.colcon_core.environment:checking '/media/flora/myros/new_re2_ws/install/nac/bin'
[1.317s] INFO:colcon.colcon_core.shell:Creating package script '/media/flora/myros/new_re2_ws/install/nac/share/nac/package.ps1'
[1.317s] INFO:colcon.colcon_core.shell:Creating package descriptor '/media/flora/myros/new_re2_ws/install/nac/share/nac/package.dsv'
[1.318s] INFO:colcon.colcon_core.shell:Creating package script '/media/flora/myros/new_re2_ws/install/nac/share/nac/package.sh'
[1.318s] INFO:colcon.colcon_core.shell:Creating package script '/media/flora/myros/new_re2_ws/install/nac/share/nac/package.bash'
[1.318s] INFO:colcon.colcon_core.shell:Creating package script '/media/flora/myros/new_re2_ws/install/nac/share/nac/package.zsh'
[1.319s] Level 1:colcon.colcon_core.environment:create_file_with_runtime_dependencies(/media/flora/myros/new_re2_ws/install/nac/share/colcon-core/packages/nac)
[1.848s] DEBUG:colcon.colcon_core.event_handler.log_command:Invoked command in '/media/flora/myros/new_re2_ws/build/re2_flexiforce' returned '1': CMAKE_PREFIX_PATH=/media/flora/myros/new_re2_ws/install/octocan:${CMAKE_PREFIX_PATH} PKG_CONFIG_PATH=/media/flora/myros/new_re2_ws/install/octocan/lib/x86_64-linux-gnu/pkgconfig:/media/flora/myros/new_re2_ws/install/octocan/lib/pkgconfig ROS_PACKAGE_PATH=/media/flora/myros/new_re2_ws/install/octocan/share /usr/bin/cmake /media/flora/myros/new_re2_ws/src/re2_flexiforce -DCATKIN_INSTALL_INTO_PREFIX_ROOT=0 -DCMAKE_INSTALL_PREFIX=/media/flora/myros/new_re2_ws/install/re2_flexiforce
[1.865s] Level 1:colcon.colcon_core.environment:create_environment_scripts_only(re2_flexiforce)
[1.865s] Level 1:colcon.colcon_core.environment:checking '/media/flora/myros/new_re2_ws/install/re2_flexiforce' for CMake module files
[1.866s] Level 1:colcon.colcon_core.environment:checking '/media/flora/myros/new_re2_ws/install/re2_flexiforce' for CMake config files
[1.866s] Level 1:colcon.colcon_core.environment:checking '/media/flora/myros/new_re2_ws/install/re2_flexiforce/bin'
[1.866s] Level 1:colcon.colcon_core.environment:checking '/media/flora/myros/new_re2_ws/install/re2_flexiforce/lib/pkgconfig/re2_flexiforce.pc'
[1.866s] Level 1:colcon.colcon_core.environment:checking '/media/flora/myros/new_re2_ws/install/re2_flexiforce/lib/python3.10/site-packages'
[1.866s] Level 1:colcon.colcon_core.environment:checking '/media/flora/myros/new_re2_ws/install/re2_flexiforce/bin'
[1.867s] INFO:colcon.colcon_core.shell:Creating package script '/media/flora/myros/new_re2_ws/install/re2_flexiforce/share/re2_flexiforce/package.ps1'
[1.867s] INFO:colcon.colcon_core.shell:Creating package descriptor '/media/flora/myros/new_re2_ws/install/re2_flexiforce/share/re2_flexiforce/package.dsv'
[1.867s] INFO:colcon.colcon_core.shell:Creating package script '/media/flora/myros/new_re2_ws/install/re2_flexiforce/share/re2_flexiforce/package.sh'
[1.868s] INFO:colcon.colcon_core.shell:Creating package script '/media/flora/myros/new_re2_ws/install/re2_flexiforce/share/re2_flexiforce/package.bash'
[1.868s] INFO:colcon.colcon_core.shell:Creating package script '/media/flora/myros/new_re2_ws/install/re2_flexiforce/share/re2_flexiforce/package.zsh'
[1.869s] Level 1:colcon.colcon_core.environment:create_file_with_runtime_dependencies(/media/flora/myros/new_re2_ws/install/re2_flexiforce/share/colcon-core/packages/re2_flexiforce)
[1.879s] DEBUG:colcon.colcon_parallel_executor.executor.parallel:closing loop
[1.880s] DEBUG:colcon.colcon_parallel_executor.executor.parallel:loop closed
[1.880s] DEBUG:colcon.colcon_parallel_executor.executor.parallel:run_until_complete finished with '1'
[1.880s] DEBUG:colcon.colcon_core.event_reactor:joining thread
[1.888s] INFO:colcon.colcon_core.plugin_system:Skipping extension 'colcon_notification.desktop_notification.terminal_notifier': Not used on non-Darwin systems
[1.888s] INFO:colcon.colcon_core.plugin_system:Skipping extension 'colcon_notification.desktop_notification.win32': Not used on non-Windows systems
[1.888s] INFO:colcon.colcon_notification.desktop_notification:Sending desktop notification using 'notify2'
[1.905s] DEBUG:colcon.colcon_core.event_reactor:joined thread
[1.905s] INFO:colcon.colcon_core.shell:Creating prefix script '/media/flora/myros/new_re2_ws/install/local_setup.ps1'
[1.907s] INFO:colcon.colcon_core.shell:Creating prefix util module '/media/flora/myros/new_re2_ws/install/_local_setup_util_ps1.py'
[1.909s] INFO:colcon.colcon_core.shell:Creating prefix chain script '/media/flora/myros/new_re2_ws/install/setup.ps1'
[1.910s] INFO:colcon.colcon_core.shell:Creating prefix script '/media/flora/myros/new_re2_ws/install/local_setup.sh'
[1.911s] INFO:colcon.colcon_core.shell:Creating prefix util module '/media/flora/myros/new_re2_ws/install/_local_setup_util_sh.py'
[1.911s] INFO:colcon.colcon_core.shell:Creating prefix chain script '/media/flora/myros/new_re2_ws/install/setup.sh'
[1.913s] INFO:colcon.colcon_core.shell:Creating prefix script '/media/flora/myros/new_re2_ws/install/local_setup.bash'
[1.913s] INFO:colcon.colcon_core.shell:Creating prefix chain script '/media/flora/myros/new_re2_ws/install/setup.bash'
[1.915s] INFO:colcon.colcon_core.shell:Creating prefix script '/media/flora/myros/new_re2_ws/install/local_setup.zsh'
[1.915s] INFO:colcon.colcon_core.shell:Creating prefix chain script '/media/flora/myros/new_re2_ws/install/setup.zsh'
