-- Found ament_cmake: 1.3.10 (/opt/ros/humble/share/ament_cmake/cmake)
-- Found rclcpp: 16.0.10 (/opt/ros/humble/share/rclcpp/cmake)
-- Found rosidl_generator_c: 3.1.5 (/opt/ros/humble/share/rosidl_generator_c/cmake)
-- Found rosidl_adapter: 3.1.5 (/opt/ros/humble/share/rosidl_adapter/cmake)
-- Found rosidl_generator_cpp: 3.1.5 (/opt/ros/humble/share/rosidl_generator_cpp/cmake)
-- Using all available rosidl_typesupport_c: rosidl_typesupport_fastrtps_c;rosidl_typesupport_introspection_c
-- Using all available rosidl_typesupport_cpp: rosidl_typesupport_fastrtps_cpp;rosidl_typesupport_introspection_cpp
-- Found rmw_implementation_cmake: 6.1.2 (/opt/ros/humble/share/rmw_implementation_cmake/cmake)
-- Found rmw_cyclonedds_cpp: 1.3.4 (/opt/ros/humble/share/rmw_cyclonedds_cpp/cmake)
-- Using RMW implementation 'rmw_cyclonedds_cpp' as default
-- Found rclpy: 3.3.14 (/opt/ros/humble/share/rclpy/cmake)
-- Found geometry_msgs: 4.2.4 (/opt/ros/humble/share/geometry_msgs/cmake)
-- Found tf2: 0.25.7 (/opt/ros/humble/share/tf2/cmake)
-- Found tf2_ros: 0.25.7 (/opt/ros/humble/share/tf2_ros/cmake)
-- Found tf2_geometry_msgs: 0.25.7 (/opt/ros/humble/share/tf2_geometry_msgs/cmake)
-- Found eigen3_cmake_module: 0.1.1 (/opt/ros/humble/share/eigen3_cmake_module/cmake)
-- Ensuring Eigen3 include directory is part of orocos-kdl CMake target
-- Found std_srvs: 4.2.4 (/opt/ros/humble/share/std_srvs/cmake)
-- Found kdl_parser: 2.6.4 (/opt/ros/humble/share/kdl_parser/cmake)
-- Found sensor_msgs: 4.2.4 (/opt/ros/humble/share/sensor_msgs/cmake)
-- Found realtime_tools: 2.5.0 (/opt/ros/humble/share/realtime_tools/cmake)
-- Found rosbag2_storage: 0.15.12 (/opt/ros/humble/share/rosbag2_storage/cmake)
-- Found rosbag2_transport: 0.15.12 (/opt/ros/humble/share/rosbag2_transport/cmake)
-- Found octocan: 0.0.1 (/media/flora/myros/new_re2_ws/install/octocan/share/octocan/cmake)
[33mCMake Warning at /media/flora/myros/new_re2_ws/install/octocan/share/octocan/cmake/ament_cmake_export_include_directories-extras.cmake:11 (message):
  Package 'octocan' exports the include directory
  '/media/flora/myros/new_re2_ws/install/octocan/share/octocan/cmake/../../../include'
  which doesn't exist
Call Stack (most recent call first):
  /media/flora/myros/new_re2_ws/install/octocan/share/octocan/cmake/octocanConfig.cmake:41 (include)
  CMakeLists.txt:26 (find_package)

[0m
-- Configuring done
-- Generating done
-- Build files have been written to: /media/flora/myros/new_re2_ws/build/nac
[35m[1mConsolidate compiler generated dependencies of target nac[0m
[ 50%] [32mBuilding CXX object CMakeFiles/nac.dir/src/nac_nn_two.cpp.o[0m
[100%] [32m[1mLinking CXX static library libnac.a[0m
[100%] Built target nac
-- Install configuration: ""
-- Installing: /media/flora/myros/new_re2_ws/install/nac/lib/libnac.a
-- Up-to-date: /media/flora/myros/new_re2_ws/install/nac/share/ament_index/resource_index/package_run_dependencies/nac
-- Up-to-date: /media/flora/myros/new_re2_ws/install/nac/share/ament_index/resource_index/parent_prefix_path/nac
-- Up-to-date: /media/flora/myros/new_re2_ws/install/nac/share/nac/environment/ament_prefix_path.sh
-- Installing: /media/flora/myros/new_re2_ws/install/nac/share/nac/environment/ament_prefix_path.dsv
-- Up-to-date: /media/flora/myros/new_re2_ws/install/nac/share/nac/environment/path.sh
-- Installing: /media/flora/myros/new_re2_ws/install/nac/share/nac/environment/path.dsv
-- Up-to-date: /media/flora/myros/new_re2_ws/install/nac/share/nac/local_setup.bash
-- Up-to-date: /media/flora/myros/new_re2_ws/install/nac/share/nac/local_setup.sh
-- Up-to-date: /media/flora/myros/new_re2_ws/install/nac/share/nac/local_setup.zsh
-- Installing: /media/flora/myros/new_re2_ws/install/nac/share/nac/local_setup.dsv
-- Installing: /media/flora/myros/new_re2_ws/install/nac/share/nac/package.dsv
-- Up-to-date: /media/flora/myros/new_re2_ws/install/nac/share/ament_index/resource_index/packages/nac
-- Up-to-date: /media/flora/myros/new_re2_ws/install/nac/share/nac/cmake/nacConfig.cmake
-- Up-to-date: /media/flora/myros/new_re2_ws/install/nac/share/nac/cmake/nacConfig-version.cmake
-- Up-to-date: /media/flora/myros/new_re2_ws/install/nac/share/nac/package.xml
