[0.013s] Invoking command in '/media/flora/myros/new_re2_ws/build/nac': CMAKE_PREFIX_PATH=/media/flora/myros/new_re2_ws/install/octocan:${CMAKE_PREFIX_PATH} PKG_CONFIG_PATH=/media/flora/myros/new_re2_ws/install/octocan/lib/x86_64-linux-gnu/pkgconfig:/media/flora/myros/new_re2_ws/install/octocan/lib/pkgconfig ROS_PACKAGE_PATH=/media/flora/myros/new_re2_ws/install/octocan/share /usr/bin/cmake --build /media/flora/myros/new_re2_ws/build/nac -- -j16 -l16
[0.048s] -- Found ament_cmake: 1.3.10 (/opt/ros/humble/share/ament_cmake/cmake)
[0.198s] -- Found rclcpp: 16.0.10 (/opt/ros/humble/share/rclcpp/cmake)
[0.231s] -- Found rosidl_generator_c: 3.1.5 (/opt/ros/humble/share/rosidl_generator_c/cmake)
[0.234s] -- Found rosidl_adapter: 3.1.5 (/opt/ros/humble/share/rosidl_adapter/cmake)
[0.240s] -- Found rosidl_generator_cpp: 3.1.5 (/opt/ros/humble/share/rosidl_generator_cpp/cmake)
[0.250s] -- Using all available rosidl_typesupport_c: rosidl_typesupport_fastrtps_c;rosidl_typesupport_introspection_c
[0.263s] -- Using all available rosidl_typesupport_cpp: rosidl_typesupport_fastrtps_cpp;rosidl_typesupport_introspection_cpp
[0.299s] -- Found rmw_implementation_cmake: 6.1.2 (/opt/ros/humble/share/rmw_implementation_cmake/cmake)
[0.300s] -- Found rmw_cyclonedds_cpp: 1.3.4 (/opt/ros/humble/share/rmw_cyclonedds_cpp/cmake)
[0.319s] -- Using RMW implementation 'rmw_cyclonedds_cpp' as default
[0.370s] -- Found rclpy: 3.3.14 (/opt/ros/humble/share/rclpy/cmake)
[0.370s] -- Found geometry_msgs: 4.2.4 (/opt/ros/humble/share/geometry_msgs/cmake)
[0.383s] -- Found tf2: 0.25.7 (/opt/ros/humble/share/tf2/cmake)
[0.387s] -- Found tf2_ros: 0.25.7 (/opt/ros/humble/share/tf2_ros/cmake)
[0.469s] -- Found tf2_geometry_msgs: 0.25.7 (/opt/ros/humble/share/tf2_geometry_msgs/cmake)
[0.472s] -- Found eigen3_cmake_module: 0.1.1 (/opt/ros/humble/share/eigen3_cmake_module/cmake)
[0.473s] -- Ensuring Eigen3 include directory is part of orocos-kdl CMake target
[0.475s] -- Found std_srvs: 4.2.4 (/opt/ros/humble/share/std_srvs/cmake)
[0.485s] -- Found kdl_parser: 2.6.4 (/opt/ros/humble/share/kdl_parser/cmake)
[0.486s] -- Found sensor_msgs: 4.2.4 (/opt/ros/humble/share/sensor_msgs/cmake)
[0.504s] -- Found realtime_tools: 2.5.0 (/opt/ros/humble/share/realtime_tools/cmake)
[0.506s] -- Found rosbag2_storage: 0.15.12 (/opt/ros/humble/share/rosbag2_storage/cmake)
[0.530s] -- Found rosbag2_transport: 0.15.12 (/opt/ros/humble/share/rosbag2_transport/cmake)
[0.556s] -- Found octocan: 0.0.1 (/media/flora/myros/new_re2_ws/install/octocan/share/octocan/cmake)
[0.557s] [33mCMake Warning at /media/flora/myros/new_re2_ws/install/octocan/share/octocan/cmake/ament_cmake_export_include_directories-extras.cmake:11 (message):
[0.557s]   Package 'octocan' exports the include directory
[0.557s]   '/media/flora/myros/new_re2_ws/install/octocan/share/octocan/cmake/../../../include'
[0.557s]   which doesn't exist
[0.557s] Call Stack (most recent call first):
[0.557s]   /media/flora/myros/new_re2_ws/install/octocan/share/octocan/cmake/octocanConfig.cmake:41 (include)
[0.557s]   CMakeLists.txt:26 (find_package)
[0.557s] 
[0.557s] [0m
[0.639s] -- Configuring done
[0.657s] -- Generating done
[0.659s] -- Build files have been written to: /media/flora/myros/new_re2_ws/build/nac
[0.697s] [35m[1mConsolidate compiler generated dependencies of target nac[0m
[0.719s] [ 50%] [32mBuilding CXX object CMakeFiles/nac.dir/src/nac_nn_two.cpp.o[0m
[6.703s] [100%] [32m[1mLinking CXX static library libnac.a[0m
[6.824s] [100%] Built target nac
[6.838s] Invoked command in '/media/flora/myros/new_re2_ws/build/nac' returned '0': CMAKE_PREFIX_PATH=/media/flora/myros/new_re2_ws/install/octocan:${CMAKE_PREFIX_PATH} PKG_CONFIG_PATH=/media/flora/myros/new_re2_ws/install/octocan/lib/x86_64-linux-gnu/pkgconfig:/media/flora/myros/new_re2_ws/install/octocan/lib/pkgconfig ROS_PACKAGE_PATH=/media/flora/myros/new_re2_ws/install/octocan/share /usr/bin/cmake --build /media/flora/myros/new_re2_ws/build/nac -- -j16 -l16
[6.912s] Invoking command in '/media/flora/myros/new_re2_ws/build/nac': CMAKE_PREFIX_PATH=/media/flora/myros/new_re2_ws/install/octocan:${CMAKE_PREFIX_PATH} PKG_CONFIG_PATH=/media/flora/myros/new_re2_ws/install/octocan/lib/x86_64-linux-gnu/pkgconfig:/media/flora/myros/new_re2_ws/install/octocan/lib/pkgconfig ROS_PACKAGE_PATH=/media/flora/myros/new_re2_ws/install/octocan/share /usr/bin/cmake --install /media/flora/myros/new_re2_ws/build/nac
[6.922s] -- Install configuration: ""
[6.922s] -- Installing: /media/flora/myros/new_re2_ws/install/nac/lib/libnac.a
[6.933s] -- Up-to-date: /media/flora/myros/new_re2_ws/install/nac/share/ament_index/resource_index/package_run_dependencies/nac
[6.933s] -- Up-to-date: /media/flora/myros/new_re2_ws/install/nac/share/ament_index/resource_index/parent_prefix_path/nac
[6.933s] -- Up-to-date: /media/flora/myros/new_re2_ws/install/nac/share/nac/environment/ament_prefix_path.sh
[6.933s] -- Installing: /media/flora/myros/new_re2_ws/install/nac/share/nac/environment/ament_prefix_path.dsv
[6.933s] -- Up-to-date: /media/flora/myros/new_re2_ws/install/nac/share/nac/environment/path.sh
[6.933s] -- Installing: /media/flora/myros/new_re2_ws/install/nac/share/nac/environment/path.dsv
[6.934s] -- Up-to-date: /media/flora/myros/new_re2_ws/install/nac/share/nac/local_setup.bash
[6.934s] -- Up-to-date: /media/flora/myros/new_re2_ws/install/nac/share/nac/local_setup.sh
[6.934s] -- Up-to-date: /media/flora/myros/new_re2_ws/install/nac/share/nac/local_setup.zsh
[6.934s] -- Installing: /media/flora/myros/new_re2_ws/install/nac/share/nac/local_setup.dsv
[6.934s] -- Installing: /media/flora/myros/new_re2_ws/install/nac/share/nac/package.dsv
[6.934s] -- Up-to-date: /media/flora/myros/new_re2_ws/install/nac/share/ament_index/resource_index/packages/nac
[6.934s] -- Up-to-date: /media/flora/myros/new_re2_ws/install/nac/share/nac/cmake/nacConfig.cmake
[6.934s] -- Up-to-date: /media/flora/myros/new_re2_ws/install/nac/share/nac/cmake/nacConfig-version.cmake
[6.934s] -- Up-to-date: /media/flora/myros/new_re2_ws/install/nac/share/nac/package.xml
[6.936s] Invoked command in '/media/flora/myros/new_re2_ws/build/nac' returned '0': CMAKE_PREFIX_PATH=/media/flora/myros/new_re2_ws/install/octocan:${CMAKE_PREFIX_PATH} PKG_CONFIG_PATH=/media/flora/myros/new_re2_ws/install/octocan/lib/x86_64-linux-gnu/pkgconfig:/media/flora/myros/new_re2_ws/install/octocan/lib/pkgconfig ROS_PACKAGE_PATH=/media/flora/myros/new_re2_ws/install/octocan/share /usr/bin/cmake --install /media/flora/myros/new_re2_ws/build/nac
