[0.134s] DEBUG:colcon:Command line arguments: ['/usr/bin/colcon', 'build']
[0.134s] DEBUG:colcon:Parsed command line arguments: Namespace(log_base=None, log_level=None, verb_name='build', build_base='build', install_base='install', merge_install=False, symlink_install=False, test_result_base=None, continue_on_error=False, executor='parallel', parallel_workers=16, event_handlers=None, ignore_user_meta=False, metas=['./colcon.meta'], base_paths=['.'], packages_ignore=None, packages_ignore_regex=None, paths=None, packages_up_to=None, packages_up_to_regex=None, packages_above=None, packages_above_and_dependencies=None, packages_above_depth=None, packages_select_by_dep=None, packages_skip_by_dep=None, packages_skip_up_to=None, packages_select_build_failed=False, packages_skip_build_finished=False, packages_select_test_failures=False, packages_skip_test_passed=False, packages_select=None, packages_skip=None, packages_select_regex=None, packages_skip_regex=None, packages_start=None, packages_end=None, allow_overriding=[], cmake_args=None, cmake_target=None, cmake_target_skip_unavailable=False, cmake_clean_cache=False, cmake_clean_first=False, cmake_force_configure=False, ament_cmake_args=None, catkin_cmake_args=None, catkin_skip_building_tests=False, mixin_files=None, mixin=None, verb_parser=<colcon_mixin.mixin.mixin_argument.MixinArgumentDecorator object at 0x7b39a154b910>, verb_extension=<colcon_core.verb.build.BuildVerb object at 0x7b39a154b340>, main=<bound method BuildVerb.main of <colcon_core.verb.build.BuildVerb object at 0x7b39a154b340>>, mixin_verb=('build',))
[0.344s] Level 1:colcon.colcon_core.package_discovery:discover_packages(colcon_meta) check parameters
[0.344s] Level 1:colcon.colcon_core.package_discovery:discover_packages(recursive) check parameters
[0.344s] Level 1:colcon.colcon_core.package_discovery:discover_packages(ignore) check parameters
[0.344s] Level 1:colcon.colcon_core.package_discovery:discover_packages(path) check parameters
[0.344s] Level 1:colcon.colcon_core.package_discovery:discover_packages(colcon_meta) discover
[0.345s] Level 1:colcon.colcon_core.package_discovery:discover_packages(recursive) discover
[0.345s] INFO:colcon.colcon_core.package_discovery:Crawling recursively for packages in '/media/flora/myros/new_re2_ws'
[0.345s] Level 1:colcon.colcon_core.package_identification:_identify(.) by extensions ['ignore', 'ignore_ament_install']
[0.345s] Level 1:colcon.colcon_core.package_identification:_identify(.) by extension 'ignore'
[0.345s] Level 1:colcon.colcon_core.package_identification:_identify(.) by extension 'ignore_ament_install'
[0.345s] Level 1:colcon.colcon_core.package_identification:_identify(.) by extensions ['colcon_pkg']
[0.345s] Level 1:colcon.colcon_core.package_identification:_identify(.) by extension 'colcon_pkg'
[0.345s] Level 1:colcon.colcon_core.package_identification:_identify(.) by extensions ['colcon_meta']
[0.345s] Level 1:colcon.colcon_core.package_identification:_identify(.) by extension 'colcon_meta'
[0.345s] Level 1:colcon.colcon_core.package_identification:_identify(.) by extensions ['ros']
[0.345s] Level 1:colcon.colcon_core.package_identification:_identify(.) by extension 'ros'
[0.357s] Level 1:colcon.colcon_core.package_identification:_identify(.) by extensions ['cmake', 'python']
[0.357s] Level 1:colcon.colcon_core.package_identification:_identify(.) by extension 'cmake'
[0.357s] Level 1:colcon.colcon_core.package_identification:_identify(.) by extension 'python'
[0.357s] Level 1:colcon.colcon_core.package_identification:_identify(.) by extensions ['python_setup_py']
[0.357s] Level 1:colcon.colcon_core.package_identification:_identify(.) by extension 'python_setup_py'
[0.357s] Level 1:colcon.colcon_core.package_identification:_identify(build) by extensions ['ignore', 'ignore_ament_install']
[0.357s] Level 1:colcon.colcon_core.package_identification:_identify(build) by extension 'ignore'
[0.357s] Level 1:colcon.colcon_core.package_identification:_identify(build) ignored
[0.357s] Level 1:colcon.colcon_core.package_identification:_identify(install) by extensions ['ignore', 'ignore_ament_install']
[0.358s] Level 1:colcon.colcon_core.package_identification:_identify(install) by extension 'ignore'
[0.358s] Level 1:colcon.colcon_core.package_identification:_identify(install) ignored
[0.358s] Level 1:colcon.colcon_core.package_identification:_identify(log) by extensions ['ignore', 'ignore_ament_install']
[0.358s] Level 1:colcon.colcon_core.package_identification:_identify(log) by extension 'ignore'
[0.358s] Level 1:colcon.colcon_core.package_identification:_identify(log) ignored
[0.358s] Level 1:colcon.colcon_core.package_identification:_identify(src) by extensions ['ignore', 'ignore_ament_install']
[0.358s] Level 1:colcon.colcon_core.package_identification:_identify(src) by extension 'ignore'
[0.358s] Level 1:colcon.colcon_core.package_identification:_identify(src) by extension 'ignore_ament_install'
[0.358s] Level 1:colcon.colcon_core.package_identification:_identify(src) by extensions ['colcon_pkg']
[0.358s] Level 1:colcon.colcon_core.package_identification:_identify(src) by extension 'colcon_pkg'
[0.358s] Level 1:colcon.colcon_core.package_identification:_identify(src) by extensions ['colcon_meta']
[0.358s] Level 1:colcon.colcon_core.package_identification:_identify(src) by extension 'colcon_meta'
[0.358s] Level 1:colcon.colcon_core.package_identification:_identify(src) by extensions ['ros']
[0.358s] Level 1:colcon.colcon_core.package_identification:_identify(src) by extension 'ros'
[0.358s] Level 1:colcon.colcon_core.package_identification:_identify(src) by extensions ['cmake', 'python']
[0.358s] Level 1:colcon.colcon_core.package_identification:_identify(src) by extension 'cmake'
[0.358s] Level 1:colcon.colcon_core.package_identification:_identify(src) by extension 'python'
[0.359s] Level 1:colcon.colcon_core.package_identification:_identify(src) by extensions ['python_setup_py']
[0.359s] Level 1:colcon.colcon_core.package_identification:_identify(src) by extension 'python_setup_py'
[0.359s] Level 1:colcon.colcon_core.package_identification:_identify(src/build) by extensions ['ignore', 'ignore_ament_install']
[0.359s] Level 1:colcon.colcon_core.package_identification:_identify(src/build) by extension 'ignore'
[0.359s] Level 1:colcon.colcon_core.package_identification:_identify(src/build) ignored
[0.359s] Level 1:colcon.colcon_core.package_identification:_identify(src/install) by extensions ['ignore', 'ignore_ament_install']
[0.359s] Level 1:colcon.colcon_core.package_identification:_identify(src/install) by extension 'ignore'
[0.359s] Level 1:colcon.colcon_core.package_identification:_identify(src/install) ignored
[0.359s] Level 1:colcon.colcon_core.package_identification:_identify(src/log) by extensions ['ignore', 'ignore_ament_install']
[0.359s] Level 1:colcon.colcon_core.package_identification:_identify(src/log) by extension 'ignore'
[0.359s] Level 1:colcon.colcon_core.package_identification:_identify(src/log) ignored
[0.359s] Level 1:colcon.colcon_core.package_identification:_identify(src/nac) by extensions ['ignore', 'ignore_ament_install']
[0.359s] Level 1:colcon.colcon_core.package_identification:_identify(src/nac) by extension 'ignore'
[0.360s] Level 1:colcon.colcon_core.package_identification:_identify(src/nac) by extension 'ignore_ament_install'
[0.360s] Level 1:colcon.colcon_core.package_identification:_identify(src/nac) by extensions ['colcon_pkg']
[0.360s] Level 1:colcon.colcon_core.package_identification:_identify(src/nac) by extension 'colcon_pkg'
[0.360s] Level 1:colcon.colcon_core.package_identification:_identify(src/nac) by extensions ['colcon_meta']
[0.360s] Level 1:colcon.colcon_core.package_identification:_identify(src/nac) by extension 'colcon_meta'
[0.360s] Level 1:colcon.colcon_core.package_identification:_identify(src/nac) by extensions ['ros']
[0.360s] Level 1:colcon.colcon_core.package_identification:_identify(src/nac) by extension 'ros'
[0.363s] DEBUG:colcon.colcon_core.package_identification:Package 'src/nac' with type 'ros.catkin' and name 'nac'
[0.363s] Level 1:colcon.colcon_core.package_identification:_identify(src/octocan) by extensions ['ignore', 'ignore_ament_install']
[0.363s] Level 1:colcon.colcon_core.package_identification:_identify(src/octocan) by extension 'ignore'
[0.363s] Level 1:colcon.colcon_core.package_identification:_identify(src/octocan) by extension 'ignore_ament_install'
[0.363s] Level 1:colcon.colcon_core.package_identification:_identify(src/octocan) by extensions ['colcon_pkg']
[0.363s] Level 1:colcon.colcon_core.package_identification:_identify(src/octocan) by extension 'colcon_pkg'
[0.363s] Level 1:colcon.colcon_core.package_identification:_identify(src/octocan) by extensions ['colcon_meta']
[0.363s] Level 1:colcon.colcon_core.package_identification:_identify(src/octocan) by extension 'colcon_meta'
[0.363s] Level 1:colcon.colcon_core.package_identification:_identify(src/octocan) by extensions ['ros']
[0.363s] Level 1:colcon.colcon_core.package_identification:_identify(src/octocan) by extension 'ros'
[0.364s] DEBUG:colcon.colcon_core.package_identification:Package 'src/octocan' with type 'ros.catkin' and name 'octocan'
[0.364s] Level 1:colcon.colcon_core.package_discovery:discover_packages(recursive) using defaults
[0.364s] Level 1:colcon.colcon_core.package_discovery:discover_packages(ignore) discover
[0.364s] Level 1:colcon.colcon_core.package_discovery:discover_packages(ignore) using defaults
[0.364s] Level 1:colcon.colcon_core.package_discovery:discover_packages(path) discover
[0.364s] Level 1:colcon.colcon_core.package_discovery:discover_packages(path) using defaults
[0.399s] Level 1:colcon.colcon_core.package_discovery:discover_packages(prefix_path) check parameters
[0.399s] Level 1:colcon.colcon_core.package_discovery:discover_packages(prefix_path) discover
[0.401s] DEBUG:colcon.colcon_installed_package_information.package_discovery:Found 5 installed packages in /media/flora/myros/indy-ros2/install
[0.403s] DEBUG:colcon.colcon_installed_package_information.package_discovery:Found 381 installed packages in /opt/ros/humble
[0.405s] Level 1:colcon.colcon_core.package_discovery:discover_packages(prefix_path) using defaults
[0.460s] Level 5:colcon.colcon_core.verb:set package 'octocan' build argument 'cmake_args' from command line to 'None'
[0.460s] Level 5:colcon.colcon_core.verb:set package 'octocan' build argument 'cmake_target' from command line to 'None'
[0.460s] Level 5:colcon.colcon_core.verb:set package 'octocan' build argument 'cmake_target_skip_unavailable' from command line to 'False'
[0.460s] Level 5:colcon.colcon_core.verb:set package 'octocan' build argument 'cmake_clean_cache' from command line to 'False'
[0.460s] Level 5:colcon.colcon_core.verb:set package 'octocan' build argument 'cmake_clean_first' from command line to 'False'
[0.460s] Level 5:colcon.colcon_core.verb:set package 'octocan' build argument 'cmake_force_configure' from command line to 'False'
[0.460s] Level 5:colcon.colcon_core.verb:set package 'octocan' build argument 'ament_cmake_args' from command line to 'None'
[0.460s] Level 5:colcon.colcon_core.verb:set package 'octocan' build argument 'catkin_cmake_args' from command line to 'None'
[0.460s] Level 5:colcon.colcon_core.verb:set package 'octocan' build argument 'catkin_skip_building_tests' from command line to 'False'
[0.460s] DEBUG:colcon.colcon_core.verb:Building package 'octocan' with the following arguments: {'ament_cmake_args': None, 'build_base': '/media/flora/myros/new_re2_ws/build/octocan', 'catkin_cmake_args': None, 'catkin_skip_building_tests': False, 'cmake_args': None, 'cmake_clean_cache': False, 'cmake_clean_first': False, 'cmake_force_configure': False, 'cmake_target': None, 'cmake_target_skip_unavailable': False, 'install_base': '/media/flora/myros/new_re2_ws/install/octocan', 'merge_install': False, 'path': '/media/flora/myros/new_re2_ws/src/octocan', 'symlink_install': False, 'test_result_base': None}
[0.461s] Level 5:colcon.colcon_core.verb:set package 'nac' build argument 'cmake_args' from command line to 'None'
[0.461s] Level 5:colcon.colcon_core.verb:set package 'nac' build argument 'cmake_target' from command line to 'None'
[0.461s] Level 5:colcon.colcon_core.verb:set package 'nac' build argument 'cmake_target_skip_unavailable' from command line to 'False'
[0.461s] Level 5:colcon.colcon_core.verb:set package 'nac' build argument 'cmake_clean_cache' from command line to 'False'
[0.461s] Level 5:colcon.colcon_core.verb:set package 'nac' build argument 'cmake_clean_first' from command line to 'False'
[0.461s] Level 5:colcon.colcon_core.verb:set package 'nac' build argument 'cmake_force_configure' from command line to 'False'
[0.461s] Level 5:colcon.colcon_core.verb:set package 'nac' build argument 'ament_cmake_args' from command line to 'None'
[0.461s] Level 5:colcon.colcon_core.verb:set package 'nac' build argument 'catkin_cmake_args' from command line to 'None'
[0.461s] Level 5:colcon.colcon_core.verb:set package 'nac' build argument 'catkin_skip_building_tests' from command line to 'False'
[0.461s] DEBUG:colcon.colcon_core.verb:Building package 'nac' with the following arguments: {'ament_cmake_args': None, 'build_base': '/media/flora/myros/new_re2_ws/build/nac', 'catkin_cmake_args': None, 'catkin_skip_building_tests': False, 'cmake_args': None, 'cmake_clean_cache': False, 'cmake_clean_first': False, 'cmake_force_configure': False, 'cmake_target': None, 'cmake_target_skip_unavailable': False, 'install_base': '/media/flora/myros/new_re2_ws/install/nac', 'merge_install': False, 'path': '/media/flora/myros/new_re2_ws/src/nac', 'symlink_install': False, 'test_result_base': None}
[0.461s] INFO:colcon.colcon_core.executor:Executing jobs using 'parallel' executor
[0.462s] DEBUG:colcon.colcon_parallel_executor.executor.parallel:run_until_complete
[0.463s] INFO:colcon.colcon_ros.task.catkin.build:Building ROS package in '/media/flora/myros/new_re2_ws/src/octocan' with build type 'catkin'
[0.463s] INFO:colcon.colcon_cmake.task.cmake.build:Building CMake package in '/media/flora/myros/new_re2_ws/src/octocan'
[0.465s] INFO:colcon.colcon_core.plugin_system:Skipping extension 'colcon_core.shell.bat': Not used on non-Windows systems
[0.465s] INFO:colcon.colcon_core.shell:Skip shell extension 'powershell' for command environment: Not usable outside of PowerShell
[0.465s] DEBUG:colcon.colcon_core.shell:Skip shell extension 'dsv' for command environment
[0.476s] DEBUG:colcon.colcon_core.event_handler.log_command:Invoking command in '/media/flora/myros/new_re2_ws/build/octocan': /usr/bin/cmake /media/flora/myros/new_re2_ws/src/octocan -DCATKIN_INSTALL_INTO_PREFIX_ROOT=0 -DCMAKE_INSTALL_PREFIX=/media/flora/myros/new_re2_ws/install/octocan
[1.738s] DEBUG:colcon.colcon_core.event_handler.log_command:Invoked command in '/media/flora/myros/new_re2_ws/build/octocan' returned '0': /usr/bin/cmake /media/flora/myros/new_re2_ws/src/octocan -DCATKIN_INSTALL_INTO_PREFIX_ROOT=0 -DCMAKE_INSTALL_PREFIX=/media/flora/myros/new_re2_ws/install/octocan
[1.741s] DEBUG:colcon.colcon_core.event_handler.log_command:Invoking command in '/media/flora/myros/new_re2_ws/build/octocan': /usr/bin/cmake --build /media/flora/myros/new_re2_ws/build/octocan -- -j16 -l16
[1.979s] DEBUG:colcon.colcon_core.event_handler.log_command:Invoked command in '/media/flora/myros/new_re2_ws/build/octocan' returned '0': /usr/bin/cmake --build /media/flora/myros/new_re2_ws/build/octocan -- -j16 -l16
[2.085s] DEBUG:colcon.colcon_core.event_handler.log_command:Invoking command in '/media/flora/myros/new_re2_ws/build/octocan': /usr/bin/cmake --install /media/flora/myros/new_re2_ws/build/octocan
[2.101s] DEBUG:colcon.colcon_core.event_handler.log_command:Invoked command in '/media/flora/myros/new_re2_ws/build/octocan' returned '0': /usr/bin/cmake --install /media/flora/myros/new_re2_ws/build/octocan
[2.146s] Level 1:colcon.colcon_core.shell:create_environment_hook('octocan', 'ros_package_path')
[2.147s] INFO:colcon.colcon_core.shell:Creating environment hook '/media/flora/myros/new_re2_ws/install/octocan/share/octocan/hook/ros_package_path.ps1'
[2.147s] INFO:colcon.colcon_core.shell:Creating environment descriptor '/media/flora/myros/new_re2_ws/install/octocan/share/octocan/hook/ros_package_path.dsv'
[2.148s] INFO:colcon.colcon_core.shell:Creating environment hook '/media/flora/myros/new_re2_ws/install/octocan/share/octocan/hook/ros_package_path.sh'
[2.149s] Level 1:colcon.colcon_core.shell:create_environment_hook('octocan', 'pkg_config_path')
[2.149s] INFO:colcon.colcon_core.shell:Creating environment hook '/media/flora/myros/new_re2_ws/install/octocan/share/octocan/hook/pkg_config_path.ps1'
[2.149s] INFO:colcon.colcon_core.shell:Creating environment descriptor '/media/flora/myros/new_re2_ws/install/octocan/share/octocan/hook/pkg_config_path.dsv'
[2.149s] INFO:colcon.colcon_core.shell:Creating environment hook '/media/flora/myros/new_re2_ws/install/octocan/share/octocan/hook/pkg_config_path.sh'
[2.152s] Level 1:colcon.colcon_core.shell:create_environment_hook('octocan', 'pkg_config_path_multiarch')
[2.152s] INFO:colcon.colcon_core.shell:Creating environment hook '/media/flora/myros/new_re2_ws/install/octocan/share/octocan/hook/pkg_config_path_multiarch.ps1'
[2.153s] INFO:colcon.colcon_core.shell:Creating environment descriptor '/media/flora/myros/new_re2_ws/install/octocan/share/octocan/hook/pkg_config_path_multiarch.dsv'
[2.153s] INFO:colcon.colcon_core.shell:Creating environment hook '/media/flora/myros/new_re2_ws/install/octocan/share/octocan/hook/pkg_config_path_multiarch.sh'
[2.154s] Level 1:colcon.colcon_core.environment:create_environment_scripts_only(octocan)
[2.157s] Level 1:colcon.colcon_core.environment:checking '/media/flora/myros/new_re2_ws/install/octocan' for CMake module files
[2.157s] Level 1:colcon.colcon_core.environment:checking '/media/flora/myros/new_re2_ws/install/octocan' for CMake config files
[2.158s] Level 1:colcon.colcon_core.shell:create_environment_hook('octocan', 'cmake_prefix_path')
[2.158s] INFO:colcon.colcon_core.shell:Creating environment hook '/media/flora/myros/new_re2_ws/install/octocan/share/octocan/hook/cmake_prefix_path.ps1'
[2.158s] INFO:colcon.colcon_core.shell:Creating environment descriptor '/media/flora/myros/new_re2_ws/install/octocan/share/octocan/hook/cmake_prefix_path.dsv'
[2.158s] INFO:colcon.colcon_core.shell:Creating environment hook '/media/flora/myros/new_re2_ws/install/octocan/share/octocan/hook/cmake_prefix_path.sh'
[2.159s] Level 1:colcon.colcon_core.environment:checking '/media/flora/myros/new_re2_ws/install/octocan/lib'
[2.159s] Level 1:colcon.colcon_core.environment:checking '/media/flora/myros/new_re2_ws/install/octocan/bin'
[2.159s] Level 1:colcon.colcon_core.environment:checking '/media/flora/myros/new_re2_ws/install/octocan/lib/pkgconfig/octocan.pc'
[2.159s] Level 1:colcon.colcon_core.environment:checking '/media/flora/myros/new_re2_ws/install/octocan/lib/python3.10/site-packages'
[2.160s] Level 1:colcon.colcon_core.environment:checking '/media/flora/myros/new_re2_ws/install/octocan/bin'
[2.160s] INFO:colcon.colcon_core.shell:Creating package script '/media/flora/myros/new_re2_ws/install/octocan/share/octocan/package.ps1'
[2.161s] INFO:colcon.colcon_core.shell:Creating package descriptor '/media/flora/myros/new_re2_ws/install/octocan/share/octocan/package.dsv'
[2.162s] INFO:colcon.colcon_core.shell:Creating package script '/media/flora/myros/new_re2_ws/install/octocan/share/octocan/package.sh'
[2.162s] INFO:colcon.colcon_core.shell:Creating package script '/media/flora/myros/new_re2_ws/install/octocan/share/octocan/package.bash'
[2.163s] INFO:colcon.colcon_core.shell:Creating package script '/media/flora/myros/new_re2_ws/install/octocan/share/octocan/package.zsh'
[2.163s] Level 1:colcon.colcon_core.environment:create_file_with_runtime_dependencies(/media/flora/myros/new_re2_ws/install/octocan/share/colcon-core/packages/octocan)
[2.164s] INFO:colcon.colcon_ros.task.catkin.build:Building ROS package in '/media/flora/myros/new_re2_ws/src/nac' with build type 'catkin'
[2.164s] INFO:colcon.colcon_cmake.task.cmake.build:Building CMake package in '/media/flora/myros/new_re2_ws/src/nac'
[2.164s] INFO:colcon.colcon_core.shell:Skip shell extension 'powershell' for command environment: Not usable outside of PowerShell
[2.164s] DEBUG:colcon.colcon_core.shell:Skip shell extension 'dsv' for command environment
[2.177s] DEBUG:colcon.colcon_core.event_handler.log_command:Invoking command in '/media/flora/myros/new_re2_ws/build/nac': CMAKE_PREFIX_PATH=/media/flora/myros/new_re2_ws/install/octocan:${CMAKE_PREFIX_PATH} PKG_CONFIG_PATH=/media/flora/myros/new_re2_ws/install/octocan/lib/x86_64-linux-gnu/pkgconfig:/media/flora/myros/new_re2_ws/install/octocan/lib/pkgconfig ROS_PACKAGE_PATH=/media/flora/myros/new_re2_ws/install/octocan/share /usr/bin/cmake /media/flora/myros/new_re2_ws/src/nac -DCATKIN_INSTALL_INTO_PREFIX_ROOT=0 -DCMAKE_INSTALL_PREFIX=/media/flora/myros/new_re2_ws/install/nac
[3.738s] DEBUG:colcon.colcon_core.event_handler.log_command:Invoked command in '/media/flora/myros/new_re2_ws/build/nac' returned '0': CMAKE_PREFIX_PATH=/media/flora/myros/new_re2_ws/install/octocan:${CMAKE_PREFIX_PATH} PKG_CONFIG_PATH=/media/flora/myros/new_re2_ws/install/octocan/lib/x86_64-linux-gnu/pkgconfig:/media/flora/myros/new_re2_ws/install/octocan/lib/pkgconfig ROS_PACKAGE_PATH=/media/flora/myros/new_re2_ws/install/octocan/share /usr/bin/cmake /media/flora/myros/new_re2_ws/src/nac -DCATKIN_INSTALL_INTO_PREFIX_ROOT=0 -DCMAKE_INSTALL_PREFIX=/media/flora/myros/new_re2_ws/install/nac
[3.740s] DEBUG:colcon.colcon_core.event_handler.log_command:Invoking command in '/media/flora/myros/new_re2_ws/build/nac': CMAKE_PREFIX_PATH=/media/flora/myros/new_re2_ws/install/octocan:${CMAKE_PREFIX_PATH} PKG_CONFIG_PATH=/media/flora/myros/new_re2_ws/install/octocan/lib/x86_64-linux-gnu/pkgconfig:/media/flora/myros/new_re2_ws/install/octocan/lib/pkgconfig ROS_PACKAGE_PATH=/media/flora/myros/new_re2_ws/install/octocan/share /usr/bin/cmake --build /media/flora/myros/new_re2_ws/build/nac -- -j16 -l16
[9.792s] DEBUG:colcon.colcon_core.event_handler.log_command:Invoked command in '/media/flora/myros/new_re2_ws/build/nac' returned '0': CMAKE_PREFIX_PATH=/media/flora/myros/new_re2_ws/install/octocan:${CMAKE_PREFIX_PATH} PKG_CONFIG_PATH=/media/flora/myros/new_re2_ws/install/octocan/lib/x86_64-linux-gnu/pkgconfig:/media/flora/myros/new_re2_ws/install/octocan/lib/pkgconfig ROS_PACKAGE_PATH=/media/flora/myros/new_re2_ws/install/octocan/share /usr/bin/cmake --build /media/flora/myros/new_re2_ws/build/nac -- -j16 -l16
[9.868s] DEBUG:colcon.colcon_core.event_handler.log_command:Invoking command in '/media/flora/myros/new_re2_ws/build/nac': CMAKE_PREFIX_PATH=/media/flora/myros/new_re2_ws/install/octocan:${CMAKE_PREFIX_PATH} PKG_CONFIG_PATH=/media/flora/myros/new_re2_ws/install/octocan/lib/x86_64-linux-gnu/pkgconfig:/media/flora/myros/new_re2_ws/install/octocan/lib/pkgconfig ROS_PACKAGE_PATH=/media/flora/myros/new_re2_ws/install/octocan/share /usr/bin/cmake --install /media/flora/myros/new_re2_ws/build/nac
[9.892s] DEBUG:colcon.colcon_core.event_handler.log_command:Invoked command in '/media/flora/myros/new_re2_ws/build/nac' returned '0': CMAKE_PREFIX_PATH=/media/flora/myros/new_re2_ws/install/octocan:${CMAKE_PREFIX_PATH} PKG_CONFIG_PATH=/media/flora/myros/new_re2_ws/install/octocan/lib/x86_64-linux-gnu/pkgconfig:/media/flora/myros/new_re2_ws/install/octocan/lib/pkgconfig ROS_PACKAGE_PATH=/media/flora/myros/new_re2_ws/install/octocan/share /usr/bin/cmake --install /media/flora/myros/new_re2_ws/build/nac
[9.929s] Level 1:colcon.colcon_core.shell:create_environment_hook('nac', 'ros_package_path')
[9.929s] INFO:colcon.colcon_core.shell:Creating environment hook '/media/flora/myros/new_re2_ws/install/nac/share/nac/hook/ros_package_path.ps1'
[9.930s] INFO:colcon.colcon_core.shell:Creating environment descriptor '/media/flora/myros/new_re2_ws/install/nac/share/nac/hook/ros_package_path.dsv'
[9.930s] INFO:colcon.colcon_core.shell:Creating environment hook '/media/flora/myros/new_re2_ws/install/nac/share/nac/hook/ros_package_path.sh'
[9.931s] Level 1:colcon.colcon_core.shell:create_environment_hook('nac', 'pkg_config_path')
[9.931s] INFO:colcon.colcon_core.shell:Creating environment hook '/media/flora/myros/new_re2_ws/install/nac/share/nac/hook/pkg_config_path.ps1'
[9.931s] INFO:colcon.colcon_core.shell:Creating environment descriptor '/media/flora/myros/new_re2_ws/install/nac/share/nac/hook/pkg_config_path.dsv'
[9.931s] INFO:colcon.colcon_core.shell:Creating environment hook '/media/flora/myros/new_re2_ws/install/nac/share/nac/hook/pkg_config_path.sh'
[9.932s] Level 1:colcon.colcon_core.shell:create_environment_hook('nac', 'pkg_config_path_multiarch')
[9.932s] INFO:colcon.colcon_core.shell:Creating environment hook '/media/flora/myros/new_re2_ws/install/nac/share/nac/hook/pkg_config_path_multiarch.ps1'
[9.932s] INFO:colcon.colcon_core.shell:Creating environment descriptor '/media/flora/myros/new_re2_ws/install/nac/share/nac/hook/pkg_config_path_multiarch.dsv'
[9.933s] INFO:colcon.colcon_core.shell:Creating environment hook '/media/flora/myros/new_re2_ws/install/nac/share/nac/hook/pkg_config_path_multiarch.sh'
[9.933s] Level 1:colcon.colcon_core.environment:create_environment_scripts_only(nac)
[9.933s] Level 1:colcon.colcon_core.environment:checking '/media/flora/myros/new_re2_ws/install/nac' for CMake module files
[9.934s] Level 1:colcon.colcon_core.environment:checking '/media/flora/myros/new_re2_ws/install/nac' for CMake config files
[9.934s] Level 1:colcon.colcon_core.shell:create_environment_hook('nac', 'cmake_prefix_path')
[9.934s] INFO:colcon.colcon_core.shell:Creating environment hook '/media/flora/myros/new_re2_ws/install/nac/share/nac/hook/cmake_prefix_path.ps1'
[9.935s] INFO:colcon.colcon_core.shell:Creating environment descriptor '/media/flora/myros/new_re2_ws/install/nac/share/nac/hook/cmake_prefix_path.dsv'
[9.935s] INFO:colcon.colcon_core.shell:Creating environment hook '/media/flora/myros/new_re2_ws/install/nac/share/nac/hook/cmake_prefix_path.sh'
[9.935s] Level 1:colcon.colcon_core.environment:checking '/media/flora/myros/new_re2_ws/install/nac/lib'
[9.935s] Level 1:colcon.colcon_core.environment:checking '/media/flora/myros/new_re2_ws/install/nac/bin'
[9.935s] Level 1:colcon.colcon_core.environment:checking '/media/flora/myros/new_re2_ws/install/nac/lib/pkgconfig/nac.pc'
[9.936s] Level 1:colcon.colcon_core.environment:checking '/media/flora/myros/new_re2_ws/install/nac/lib/python3.10/site-packages'
[9.936s] Level 1:colcon.colcon_core.environment:checking '/media/flora/myros/new_re2_ws/install/nac/bin'
[9.936s] INFO:colcon.colcon_core.shell:Creating package script '/media/flora/myros/new_re2_ws/install/nac/share/nac/package.ps1'
[9.937s] INFO:colcon.colcon_core.shell:Creating package descriptor '/media/flora/myros/new_re2_ws/install/nac/share/nac/package.dsv'
[9.937s] INFO:colcon.colcon_core.shell:Creating package script '/media/flora/myros/new_re2_ws/install/nac/share/nac/package.sh'
[9.938s] INFO:colcon.colcon_core.shell:Creating package script '/media/flora/myros/new_re2_ws/install/nac/share/nac/package.bash'
[9.938s] INFO:colcon.colcon_core.shell:Creating package script '/media/flora/myros/new_re2_ws/install/nac/share/nac/package.zsh'
[9.938s] Level 1:colcon.colcon_core.environment:create_file_with_runtime_dependencies(/media/flora/myros/new_re2_ws/install/nac/share/colcon-core/packages/nac)
[9.939s] DEBUG:colcon.colcon_parallel_executor.executor.parallel:closing loop
[9.939s] DEBUG:colcon.colcon_parallel_executor.executor.parallel:loop closed
[9.939s] DEBUG:colcon.colcon_parallel_executor.executor.parallel:run_until_complete finished with '0'
[9.939s] DEBUG:colcon.colcon_core.event_reactor:joining thread
[9.945s] INFO:colcon.colcon_core.plugin_system:Skipping extension 'colcon_notification.desktop_notification.terminal_notifier': Not used on non-Darwin systems
[9.945s] INFO:colcon.colcon_core.plugin_system:Skipping extension 'colcon_notification.desktop_notification.win32': Not used on non-Windows systems
[9.945s] INFO:colcon.colcon_notification.desktop_notification:Sending desktop notification using 'notify2'
[9.961s] DEBUG:colcon.colcon_core.event_reactor:joined thread
[9.962s] INFO:colcon.colcon_core.shell:Creating prefix script '/media/flora/myros/new_re2_ws/install/local_setup.ps1'
[9.963s] INFO:colcon.colcon_core.shell:Creating prefix util module '/media/flora/myros/new_re2_ws/install/_local_setup_util_ps1.py'
[9.964s] INFO:colcon.colcon_core.shell:Creating prefix chain script '/media/flora/myros/new_re2_ws/install/setup.ps1'
[9.966s] INFO:colcon.colcon_core.shell:Creating prefix script '/media/flora/myros/new_re2_ws/install/local_setup.sh'
[9.966s] INFO:colcon.colcon_core.shell:Creating prefix util module '/media/flora/myros/new_re2_ws/install/_local_setup_util_sh.py'
[9.967s] INFO:colcon.colcon_core.shell:Creating prefix chain script '/media/flora/myros/new_re2_ws/install/setup.sh'
[9.968s] INFO:colcon.colcon_core.shell:Creating prefix script '/media/flora/myros/new_re2_ws/install/local_setup.bash'
[9.969s] INFO:colcon.colcon_core.shell:Creating prefix chain script '/media/flora/myros/new_re2_ws/install/setup.bash'
[9.970s] INFO:colcon.colcon_core.shell:Creating prefix script '/media/flora/myros/new_re2_ws/install/local_setup.zsh'
[9.970s] INFO:colcon.colcon_core.shell:Creating prefix chain script '/media/flora/myros/new_re2_ws/install/setup.zsh'
