-- Found ament_cmake: 1.3.10 (/opt/ros/humble/share/ament_cmake/cmake)
-- Found rclcpp: 16.0.10 (/opt/ros/humble/share/rclcpp/cmake)
-- Found rosidl_generator_c: 3.1.5 (/opt/ros/humble/share/rosidl_generator_c/cmake)
-- Found rosidl_adapter: 3.1.5 (/opt/ros/humble/share/rosidl_adapter/cmake)
-- Found rosidl_generator_cpp: 3.1.5 (/opt/ros/humble/share/rosidl_generator_cpp/cmake)
-- Using all available rosidl_typesupport_c: rosidl_typesupport_fastrtps_c;rosidl_typesupport_introspection_c
-- Using all available rosidl_typesupport_cpp: rosidl_typesupport_fastrtps_cpp;rosidl_typesupport_introspection_cpp
-- Found rmw_implementation_cmake: 6.1.2 (/opt/ros/humble/share/rmw_implementation_cmake/cmake)
-- Found rmw_cyclonedds_cpp: 1.3.4 (/opt/ros/humble/share/rmw_cyclonedds_cpp/cmake)
-- Using RMW implementation 'rmw_cyclonedds_cpp' as default
-- Configuring done
-- Generating done
-- Build files have been written to: /media/flora/myros/new_re2_ws/build/octocan
[35m[1mConsolidate compiler generated dependencies of target octocan[0m
[100%] Built target octocan
-- Install configuration: ""
-- Up-to-date: /media/flora/myros/new_re2_ws/install/octocan/share/octocan/environment/library_path.sh
-- Installing: /media/flora/myros/new_re2_ws/install/octocan/share/octocan/environment/library_path.dsv
-- Up-to-date: /media/flora/myros/new_re2_ws/install/octocan/lib/liboctocan.a
-- Up-to-date: /media/flora/myros/new_re2_ws/install/octocan/share/ament_index/resource_index/package_run_dependencies/octocan
-- Up-to-date: /media/flora/myros/new_re2_ws/install/octocan/share/ament_index/resource_index/parent_prefix_path/octocan
-- Up-to-date: /media/flora/myros/new_re2_ws/install/octocan/share/octocan/environment/ament_prefix_path.sh
-- Installing: /media/flora/myros/new_re2_ws/install/octocan/share/octocan/environment/ament_prefix_path.dsv
-- Up-to-date: /media/flora/myros/new_re2_ws/install/octocan/share/octocan/environment/path.sh
-- Installing: /media/flora/myros/new_re2_ws/install/octocan/share/octocan/environment/path.dsv
-- Up-to-date: /media/flora/myros/new_re2_ws/install/octocan/share/octocan/local_setup.bash
-- Up-to-date: /media/flora/myros/new_re2_ws/install/octocan/share/octocan/local_setup.sh
-- Up-to-date: /media/flora/myros/new_re2_ws/install/octocan/share/octocan/local_setup.zsh
-- Installing: /media/flora/myros/new_re2_ws/install/octocan/share/octocan/local_setup.dsv
-- Installing: /media/flora/myros/new_re2_ws/install/octocan/share/octocan/package.dsv
-- Up-to-date: /media/flora/myros/new_re2_ws/install/octocan/share/ament_index/resource_index/packages/octocan
-- Up-to-date: /media/flora/myros/new_re2_ws/install/octocan/share/octocan/cmake/ament_cmake_export_libraries-extras.cmake
-- Up-to-date: /media/flora/myros/new_re2_ws/install/octocan/share/octocan/cmake/ament_cmake_export_dependencies-extras.cmake
-- Installing: /media/flora/myros/new_re2_ws/install/octocan/share/octocan/cmake/octocanConfig.cmake
-- Up-to-date: /media/flora/myros/new_re2_ws/install/octocan/share/octocan/cmake/octocanConfig-version.cmake
-- Up-to-date: /media/flora/myros/new_re2_ws/install/octocan/share/octocan/package.xml
