[0.015s] Invoking command in '/media/flora/myros/new_re2_ws/build/octocan': /usr/bin/cmake --build /media/flora/myros/new_re2_ws/build/octocan -- -j16 -l16
[0.049s] -- Found ament_cmake: 1.3.10 (/opt/ros/humble/share/ament_cmake/cmake)
[0.199s] -- Found rclcpp: 16.0.10 (/opt/ros/humble/share/rclcpp/cmake)
[0.233s] -- Found rosidl_generator_c: 3.1.5 (/opt/ros/humble/share/rosidl_generator_c/cmake)
[0.235s] -- Found rosidl_adapter: 3.1.5 (/opt/ros/humble/share/rosidl_adapter/cmake)
[0.242s] -- Found rosidl_generator_cpp: 3.1.5 (/opt/ros/humble/share/rosidl_generator_cpp/cmake)
[0.253s] -- Using all available rosidl_typesupport_c: rosidl_typesupport_fastrtps_c;rosidl_typesupport_introspection_c
[0.266s] -- Using all available rosidl_typesupport_cpp: rosidl_typesupport_fastrtps_cpp;rosidl_typesupport_introspection_cpp
[0.302s] -- Found rmw_implementation_cmake: 6.1.2 (/opt/ros/humble/share/rmw_implementation_cmake/cmake)
[0.304s] -- Found rmw_cyclonedds_cpp: 1.3.4 (/opt/ros/humble/share/rmw_cyclonedds_cpp/cmake)
[0.324s] -- Using RMW implementation 'rmw_cyclonedds_cpp' as default
[0.471s] -- Configuring done
[0.485s] -- Generating done
[0.488s] -- Build files have been written to: /media/flora/myros/new_re2_ws/build/octocan
[0.523s] [35m[1mConsolidate compiler generated dependencies of target octocan[0m
[0.541s] [100%] Built target octocan
[0.557s] Invoked command in '/media/flora/myros/new_re2_ws/build/octocan' returned '0': /usr/bin/cmake --build /media/flora/myros/new_re2_ws/build/octocan -- -j16 -l16
[0.662s] Invoking command in '/media/flora/myros/new_re2_ws/build/octocan': /usr/bin/cmake --install /media/flora/myros/new_re2_ws/build/octocan
[0.672s] -- Install configuration: ""
[0.673s] -- Up-to-date: /media/flora/myros/new_re2_ws/install/octocan/share/octocan/environment/library_path.sh
[0.673s] -- Installing: /media/flora/myros/new_re2_ws/install/octocan/share/octocan/environment/library_path.dsv
[0.673s] -- Up-to-date: /media/flora/myros/new_re2_ws/install/octocan/lib/liboctocan.a
[0.673s] -- Up-to-date: /media/flora/myros/new_re2_ws/install/octocan/share/ament_index/resource_index/package_run_dependencies/octocan
[0.673s] -- Up-to-date: /media/flora/myros/new_re2_ws/install/octocan/share/ament_index/resource_index/parent_prefix_path/octocan
[0.673s] -- Up-to-date: /media/flora/myros/new_re2_ws/install/octocan/share/octocan/environment/ament_prefix_path.sh
[0.673s] -- Installing: /media/flora/myros/new_re2_ws/install/octocan/share/octocan/environment/ament_prefix_path.dsv
[0.673s] -- Up-to-date: /media/flora/myros/new_re2_ws/install/octocan/share/octocan/environment/path.sh
[0.673s] -- Installing: /media/flora/myros/new_re2_ws/install/octocan/share/octocan/environment/path.dsv
[0.673s] -- Up-to-date: /media/flora/myros/new_re2_ws/install/octocan/share/octocan/local_setup.bash
[0.674s] -- Up-to-date: /media/flora/myros/new_re2_ws/install/octocan/share/octocan/local_setup.sh
[0.674s] -- Up-to-date: /media/flora/myros/new_re2_ws/install/octocan/share/octocan/local_setup.zsh
[0.674s] -- Installing: /media/flora/myros/new_re2_ws/install/octocan/share/octocan/local_setup.dsv
[0.674s] -- Installing: /media/flora/myros/new_re2_ws/install/octocan/share/octocan/package.dsv
[0.674s] -- Up-to-date: /media/flora/myros/new_re2_ws/install/octocan/share/ament_index/resource_index/packages/octocan
[0.674s] -- Up-to-date: /media/flora/myros/new_re2_ws/install/octocan/share/octocan/cmake/ament_cmake_export_libraries-extras.cmake
[0.674s] -- Up-to-date: /media/flora/myros/new_re2_ws/install/octocan/share/octocan/cmake/ament_cmake_export_dependencies-extras.cmake
[0.674s] -- Installing: /media/flora/myros/new_re2_ws/install/octocan/share/octocan/cmake/octocanConfig.cmake
[0.674s] -- Up-to-date: /media/flora/myros/new_re2_ws/install/octocan/share/octocan/cmake/octocanConfig-version.cmake
[0.674s] -- Up-to-date: /media/flora/myros/new_re2_ws/install/octocan/share/octocan/package.xml
[0.676s] Invoked command in '/media/flora/myros/new_re2_ws/build/octocan' returned '0': /usr/bin/cmake --install /media/flora/myros/new_re2_ws/build/octocan
