[0.015s] Invoking command in '/media/flora/myros/new_re2_ws/build/octocan': /usr/bin/cmake --build /media/flora/myros/new_re2_ws/build/octocan -- -j16 -l16
[0.084s] [100%] Built target octocan
[0.100s] Invoked command in '/media/flora/myros/new_re2_ws/build/octocan' returned '0': /usr/bin/cmake --build /media/flora/myros/new_re2_ws/build/octocan -- -j16 -l16
[0.207s] Invoking command in '/media/flora/myros/new_re2_ws/build/octocan': /usr/bin/cmake --install /media/flora/myros/new_re2_ws/build/octocan
[0.216s] -- Install configuration: ""
[0.216s] -- Up-to-date: /media/flora/myros/new_re2_ws/install/octocan/share/octocan/environment/library_path.sh
[0.216s] -- Up-to-date: /media/flora/myros/new_re2_ws/install/octocan/share/octocan/environment/library_path.dsv
[0.217s] -- Up-to-date: /media/flora/myros/new_re2_ws/install/octocan/lib/liboctocan.a
[0.217s] -- Up-to-date: /media/flora/myros/new_re2_ws/install/octocan/share/ament_index/resource_index/package_run_dependencies/octocan
[0.217s] -- Up-to-date: /media/flora/myros/new_re2_ws/install/octocan/share/ament_index/resource_index/parent_prefix_path/octocan
[0.217s] -- Up-to-date: /media/flora/myros/new_re2_ws/install/octocan/share/octocan/environment/ament_prefix_path.sh
[0.217s] -- Up-to-date: /media/flora/myros/new_re2_ws/install/octocan/share/octocan/environment/ament_prefix_path.dsv
[0.217s] -- Up-to-date: /media/flora/myros/new_re2_ws/install/octocan/share/octocan/environment/path.sh
[0.217s] -- Up-to-date: /media/flora/myros/new_re2_ws/install/octocan/share/octocan/environment/path.dsv
[0.217s] -- Up-to-date: /media/flora/myros/new_re2_ws/install/octocan/share/octocan/local_setup.bash
[0.217s] -- Up-to-date: /media/flora/myros/new_re2_ws/install/octocan/share/octocan/local_setup.sh
[0.217s] -- Up-to-date: /media/flora/myros/new_re2_ws/install/octocan/share/octocan/local_setup.zsh
[0.218s] -- Up-to-date: /media/flora/myros/new_re2_ws/install/octocan/share/octocan/local_setup.dsv
[0.218s] -- Installing: /media/flora/myros/new_re2_ws/install/octocan/share/octocan/package.dsv
[0.218s] -- Up-to-date: /media/flora/myros/new_re2_ws/install/octocan/share/ament_index/resource_index/packages/octocan
[0.218s] -- Up-to-date: /media/flora/myros/new_re2_ws/install/octocan/share/octocan/cmake/ament_cmake_export_include_directories-extras.cmake
[0.218s] -- Up-to-date: /media/flora/myros/new_re2_ws/install/octocan/share/octocan/cmake/ament_cmake_export_libraries-extras.cmake
[0.218s] -- Up-to-date: /media/flora/myros/new_re2_ws/install/octocan/share/octocan/cmake/ament_cmake_export_dependencies-extras.cmake
[0.218s] -- Up-to-date: /media/flora/myros/new_re2_ws/install/octocan/share/octocan/cmake/octocanConfig.cmake
[0.218s] -- Up-to-date: /media/flora/myros/new_re2_ws/install/octocan/share/octocan/cmake/octocanConfig-version.cmake
[0.218s] -- Up-to-date: /media/flora/myros/new_re2_ws/install/octocan/share/octocan/package.xml
[0.219s] Invoked command in '/media/flora/myros/new_re2_ws/build/octocan' returned '0': /usr/bin/cmake --install /media/flora/myros/new_re2_ws/build/octocan
