[0.149s] DEBUG:colcon:Command line arguments: ['/usr/bin/colcon', 'build']
[0.149s] DEBUG:colcon:Parsed command line arguments: Namespace(log_base=None, log_level=None, verb_name='build', build_base='build', install_base='install', merge_install=False, symlink_install=False, test_result_base=None, continue_on_error=False, executor='parallel', parallel_workers=16, event_handlers=None, ignore_user_meta=False, metas=['./colcon.meta'], base_paths=['.'], packages_ignore=None, packages_ignore_regex=None, paths=None, packages_up_to=None, packages_up_to_regex=None, packages_above=None, packages_above_and_dependencies=None, packages_above_depth=None, packages_select_by_dep=None, packages_skip_by_dep=None, packages_skip_up_to=None, packages_select_build_failed=False, packages_skip_build_finished=False, packages_select_test_failures=False, packages_skip_test_passed=False, packages_select=None, packages_skip=None, packages_select_regex=None, packages_skip_regex=None, packages_start=None, packages_end=None, allow_overriding=[], cmake_args=None, cmake_target=None, cmake_target_skip_unavailable=False, cmake_clean_cache=False, cmake_clean_first=False, cmake_force_configure=False, ament_cmake_args=None, catkin_cmake_args=None, catkin_skip_building_tests=False, mixin_files=None, mixin=None, verb_parser=<colcon_mixin.mixin.mixin_argument.MixinArgumentDecorator object at 0x7523e0379ba0>, verb_extension=<colcon_core.verb.build.BuildVerb object at 0x7523e03795d0>, main=<bound method BuildVerb.main of <colcon_core.verb.build.BuildVerb object at 0x7523e03795d0>>, mixin_verb=('build',))
[0.377s] Level 1:colcon.colcon_core.package_discovery:discover_packages(colcon_meta) check parameters
[0.377s] Level 1:colcon.colcon_core.package_discovery:discover_packages(recursive) check parameters
[0.377s] Level 1:colcon.colcon_core.package_discovery:discover_packages(ignore) check parameters
[0.377s] Level 1:colcon.colcon_core.package_discovery:discover_packages(path) check parameters
[0.377s] Level 1:colcon.colcon_core.package_discovery:discover_packages(colcon_meta) discover
[0.377s] Level 1:colcon.colcon_core.package_discovery:discover_packages(recursive) discover
[0.378s] INFO:colcon.colcon_core.package_discovery:Crawling recursively for packages in '/media/flora/myros/new_re2_ws'
[0.378s] Level 1:colcon.colcon_core.package_identification:_identify(.) by extensions ['ignore', 'ignore_ament_install']
[0.378s] Level 1:colcon.colcon_core.package_identification:_identify(.) by extension 'ignore'
[0.378s] Level 1:colcon.colcon_core.package_identification:_identify(.) by extension 'ignore_ament_install'
[0.378s] Level 1:colcon.colcon_core.package_identification:_identify(.) by extensions ['colcon_pkg']
[0.378s] Level 1:colcon.colcon_core.package_identification:_identify(.) by extension 'colcon_pkg'
[0.378s] Level 1:colcon.colcon_core.package_identification:_identify(.) by extensions ['colcon_meta']
[0.378s] Level 1:colcon.colcon_core.package_identification:_identify(.) by extension 'colcon_meta'
[0.378s] Level 1:colcon.colcon_core.package_identification:_identify(.) by extensions ['ros']
[0.378s] Level 1:colcon.colcon_core.package_identification:_identify(.) by extension 'ros'
[0.390s] Level 1:colcon.colcon_core.package_identification:_identify(.) by extensions ['cmake', 'python']
[0.390s] Level 1:colcon.colcon_core.package_identification:_identify(.) by extension 'cmake'
[0.390s] Level 1:colcon.colcon_core.package_identification:_identify(.) by extension 'python'
[0.390s] Level 1:colcon.colcon_core.package_identification:_identify(.) by extensions ['python_setup_py']
[0.390s] Level 1:colcon.colcon_core.package_identification:_identify(.) by extension 'python_setup_py'
[0.391s] Level 1:colcon.colcon_core.package_identification:_identify(build) by extensions ['ignore', 'ignore_ament_install']
[0.391s] Level 1:colcon.colcon_core.package_identification:_identify(build) by extension 'ignore'
[0.391s] Level 1:colcon.colcon_core.package_identification:_identify(build) ignored
[0.391s] Level 1:colcon.colcon_core.package_identification:_identify(install) by extensions ['ignore', 'ignore_ament_install']
[0.391s] Level 1:colcon.colcon_core.package_identification:_identify(install) by extension 'ignore'
[0.391s] Level 1:colcon.colcon_core.package_identification:_identify(install) ignored
[0.391s] Level 1:colcon.colcon_core.package_identification:_identify(log) by extensions ['ignore', 'ignore_ament_install']
[0.391s] Level 1:colcon.colcon_core.package_identification:_identify(log) by extension 'ignore'
[0.391s] Level 1:colcon.colcon_core.package_identification:_identify(log) ignored
[0.391s] Level 1:colcon.colcon_core.package_identification:_identify(src) by extensions ['ignore', 'ignore_ament_install']
[0.391s] Level 1:colcon.colcon_core.package_identification:_identify(src) by extension 'ignore'
[0.391s] Level 1:colcon.colcon_core.package_identification:_identify(src) by extension 'ignore_ament_install'
[0.392s] Level 1:colcon.colcon_core.package_identification:_identify(src) by extensions ['colcon_pkg']
[0.392s] Level 1:colcon.colcon_core.package_identification:_identify(src) by extension 'colcon_pkg'
[0.392s] Level 1:colcon.colcon_core.package_identification:_identify(src) by extensions ['colcon_meta']
[0.392s] Level 1:colcon.colcon_core.package_identification:_identify(src) by extension 'colcon_meta'
[0.392s] Level 1:colcon.colcon_core.package_identification:_identify(src) by extensions ['ros']
[0.392s] Level 1:colcon.colcon_core.package_identification:_identify(src) by extension 'ros'
[0.392s] Level 1:colcon.colcon_core.package_identification:_identify(src) by extensions ['cmake', 'python']
[0.392s] Level 1:colcon.colcon_core.package_identification:_identify(src) by extension 'cmake'
[0.392s] Level 1:colcon.colcon_core.package_identification:_identify(src) by extension 'python'
[0.392s] Level 1:colcon.colcon_core.package_identification:_identify(src) by extensions ['python_setup_py']
[0.392s] Level 1:colcon.colcon_core.package_identification:_identify(src) by extension 'python_setup_py'
[0.392s] Level 1:colcon.colcon_core.package_identification:_identify(src/build) by extensions ['ignore', 'ignore_ament_install']
[0.392s] Level 1:colcon.colcon_core.package_identification:_identify(src/build) by extension 'ignore'
[0.392s] Level 1:colcon.colcon_core.package_identification:_identify(src/build) ignored
[0.392s] Level 1:colcon.colcon_core.package_identification:_identify(src/install) by extensions ['ignore', 'ignore_ament_install']
[0.392s] Level 1:colcon.colcon_core.package_identification:_identify(src/install) by extension 'ignore'
[0.392s] Level 1:colcon.colcon_core.package_identification:_identify(src/install) ignored
[0.393s] Level 1:colcon.colcon_core.package_identification:_identify(src/log) by extensions ['ignore', 'ignore_ament_install']
[0.393s] Level 1:colcon.colcon_core.package_identification:_identify(src/log) by extension 'ignore'
[0.393s] Level 1:colcon.colcon_core.package_identification:_identify(src/log) ignored
[0.393s] Level 1:colcon.colcon_core.package_identification:_identify(src/nac) by extensions ['ignore', 'ignore_ament_install']
[0.393s] Level 1:colcon.colcon_core.package_identification:_identify(src/nac) by extension 'ignore'
[0.393s] Level 1:colcon.colcon_core.package_identification:_identify(src/nac) by extension 'ignore_ament_install'
[0.393s] Level 1:colcon.colcon_core.package_identification:_identify(src/nac) by extensions ['colcon_pkg']
[0.393s] Level 1:colcon.colcon_core.package_identification:_identify(src/nac) by extension 'colcon_pkg'
[0.393s] Level 1:colcon.colcon_core.package_identification:_identify(src/nac) by extensions ['colcon_meta']
[0.393s] Level 1:colcon.colcon_core.package_identification:_identify(src/nac) by extension 'colcon_meta'
[0.393s] Level 1:colcon.colcon_core.package_identification:_identify(src/nac) by extensions ['ros']
[0.393s] Level 1:colcon.colcon_core.package_identification:_identify(src/nac) by extension 'ros'
[0.397s] DEBUG:colcon.colcon_core.package_identification:Package 'src/nac' with type 'ros.catkin' and name 'nac'
[0.397s] Level 1:colcon.colcon_core.package_identification:_identify(src/octocan) by extensions ['ignore', 'ignore_ament_install']
[0.397s] Level 1:colcon.colcon_core.package_identification:_identify(src/octocan) by extension 'ignore'
[0.397s] Level 1:colcon.colcon_core.package_identification:_identify(src/octocan) by extension 'ignore_ament_install'
[0.397s] Level 1:colcon.colcon_core.package_identification:_identify(src/octocan) by extensions ['colcon_pkg']
[0.397s] Level 1:colcon.colcon_core.package_identification:_identify(src/octocan) by extension 'colcon_pkg'
[0.397s] Level 1:colcon.colcon_core.package_identification:_identify(src/octocan) by extensions ['colcon_meta']
[0.397s] Level 1:colcon.colcon_core.package_identification:_identify(src/octocan) by extension 'colcon_meta'
[0.397s] Level 1:colcon.colcon_core.package_identification:_identify(src/octocan) by extensions ['ros']
[0.397s] Level 1:colcon.colcon_core.package_identification:_identify(src/octocan) by extension 'ros'
[0.398s] DEBUG:colcon.colcon_core.package_identification:Package 'src/octocan' with type 'ros.catkin' and name 'octocan'
[0.398s] Level 1:colcon.colcon_core.package_identification:_identify(src/re2_flexiforce) by extensions ['ignore', 'ignore_ament_install']
[0.398s] Level 1:colcon.colcon_core.package_identification:_identify(src/re2_flexiforce) by extension 'ignore'
[0.398s] Level 1:colcon.colcon_core.package_identification:_identify(src/re2_flexiforce) by extension 'ignore_ament_install'
[0.398s] Level 1:colcon.colcon_core.package_identification:_identify(src/re2_flexiforce) by extensions ['colcon_pkg']
[0.398s] Level 1:colcon.colcon_core.package_identification:_identify(src/re2_flexiforce) by extension 'colcon_pkg'
[0.398s] Level 1:colcon.colcon_core.package_identification:_identify(src/re2_flexiforce) by extensions ['colcon_meta']
[0.398s] Level 1:colcon.colcon_core.package_identification:_identify(src/re2_flexiforce) by extension 'colcon_meta'
[0.398s] Level 1:colcon.colcon_core.package_identification:_identify(src/re2_flexiforce) by extensions ['ros']
[0.398s] Level 1:colcon.colcon_core.package_identification:_identify(src/re2_flexiforce) by extension 'ros'
[0.413s] DEBUG:colcon.colcon_core.package_identification:Package 'src/re2_flexiforce' with type 'ros.ament_cmake' and name 're2_flexiforce'
[0.413s] Level 1:colcon.colcon_core.package_discovery:discover_packages(recursive) using defaults
[0.413s] Level 1:colcon.colcon_core.package_discovery:discover_packages(ignore) discover
[0.413s] Level 1:colcon.colcon_core.package_discovery:discover_packages(ignore) using defaults
[0.413s] Level 1:colcon.colcon_core.package_discovery:discover_packages(path) discover
[0.414s] Level 1:colcon.colcon_core.package_discovery:discover_packages(path) using defaults
[0.435s] Level 1:colcon.colcon_core.package_discovery:discover_packages(prefix_path) check parameters
[0.435s] Level 1:colcon.colcon_core.package_discovery:discover_packages(prefix_path) discover
[0.438s] DEBUG:colcon.colcon_installed_package_information.package_discovery:Found 5 installed packages in /media/flora/myros/indy-ros2/install
[0.440s] DEBUG:colcon.colcon_installed_package_information.package_discovery:Found 381 installed packages in /opt/ros/humble
[0.442s] Level 1:colcon.colcon_core.package_discovery:discover_packages(prefix_path) using defaults
[0.496s] Level 5:colcon.colcon_core.verb:set package 'octocan' build argument 'cmake_args' from command line to 'None'
[0.496s] Level 5:colcon.colcon_core.verb:set package 'octocan' build argument 'cmake_target' from command line to 'None'
[0.496s] Level 5:colcon.colcon_core.verb:set package 'octocan' build argument 'cmake_target_skip_unavailable' from command line to 'False'
[0.496s] Level 5:colcon.colcon_core.verb:set package 'octocan' build argument 'cmake_clean_cache' from command line to 'False'
[0.496s] Level 5:colcon.colcon_core.verb:set package 'octocan' build argument 'cmake_clean_first' from command line to 'False'
[0.496s] Level 5:colcon.colcon_core.verb:set package 'octocan' build argument 'cmake_force_configure' from command line to 'False'
[0.496s] Level 5:colcon.colcon_core.verb:set package 'octocan' build argument 'ament_cmake_args' from command line to 'None'
[0.496s] Level 5:colcon.colcon_core.verb:set package 'octocan' build argument 'catkin_cmake_args' from command line to 'None'
[0.496s] Level 5:colcon.colcon_core.verb:set package 'octocan' build argument 'catkin_skip_building_tests' from command line to 'False'
[0.496s] DEBUG:colcon.colcon_core.verb:Building package 'octocan' with the following arguments: {'ament_cmake_args': None, 'build_base': '/media/flora/myros/new_re2_ws/build/octocan', 'catkin_cmake_args': None, 'catkin_skip_building_tests': False, 'cmake_args': None, 'cmake_clean_cache': False, 'cmake_clean_first': False, 'cmake_force_configure': False, 'cmake_target': None, 'cmake_target_skip_unavailable': False, 'install_base': '/media/flora/myros/new_re2_ws/install/octocan', 'merge_install': False, 'path': '/media/flora/myros/new_re2_ws/src/octocan', 'symlink_install': False, 'test_result_base': None}
[0.496s] Level 5:colcon.colcon_core.verb:set package 'nac' build argument 'cmake_args' from command line to 'None'
[0.496s] Level 5:colcon.colcon_core.verb:set package 'nac' build argument 'cmake_target' from command line to 'None'
[0.496s] Level 5:colcon.colcon_core.verb:set package 'nac' build argument 'cmake_target_skip_unavailable' from command line to 'False'
[0.496s] Level 5:colcon.colcon_core.verb:set package 'nac' build argument 'cmake_clean_cache' from command line to 'False'
[0.496s] Level 5:colcon.colcon_core.verb:set package 'nac' build argument 'cmake_clean_first' from command line to 'False'
[0.496s] Level 5:colcon.colcon_core.verb:set package 'nac' build argument 'cmake_force_configure' from command line to 'False'
[0.497s] Level 5:colcon.colcon_core.verb:set package 'nac' build argument 'ament_cmake_args' from command line to 'None'
[0.497s] Level 5:colcon.colcon_core.verb:set package 'nac' build argument 'catkin_cmake_args' from command line to 'None'
[0.497s] Level 5:colcon.colcon_core.verb:set package 'nac' build argument 'catkin_skip_building_tests' from command line to 'False'
[0.497s] DEBUG:colcon.colcon_core.verb:Building package 'nac' with the following arguments: {'ament_cmake_args': None, 'build_base': '/media/flora/myros/new_re2_ws/build/nac', 'catkin_cmake_args': None, 'catkin_skip_building_tests': False, 'cmake_args': None, 'cmake_clean_cache': False, 'cmake_clean_first': False, 'cmake_force_configure': False, 'cmake_target': None, 'cmake_target_skip_unavailable': False, 'install_base': '/media/flora/myros/new_re2_ws/install/nac', 'merge_install': False, 'path': '/media/flora/myros/new_re2_ws/src/nac', 'symlink_install': False, 'test_result_base': None}
[0.497s] Level 5:colcon.colcon_core.verb:set package 're2_flexiforce' build argument 'cmake_args' from command line to 'None'
[0.497s] Level 5:colcon.colcon_core.verb:set package 're2_flexiforce' build argument 'cmake_target' from command line to 'None'
[0.497s] Level 5:colcon.colcon_core.verb:set package 're2_flexiforce' build argument 'cmake_target_skip_unavailable' from command line to 'False'
[0.497s] Level 5:colcon.colcon_core.verb:set package 're2_flexiforce' build argument 'cmake_clean_cache' from command line to 'False'
[0.497s] Level 5:colcon.colcon_core.verb:set package 're2_flexiforce' build argument 'cmake_clean_first' from command line to 'False'
[0.497s] Level 5:colcon.colcon_core.verb:set package 're2_flexiforce' build argument 'cmake_force_configure' from command line to 'False'
[0.497s] Level 5:colcon.colcon_core.verb:set package 're2_flexiforce' build argument 'ament_cmake_args' from command line to 'None'
[0.497s] Level 5:colcon.colcon_core.verb:set package 're2_flexiforce' build argument 'catkin_cmake_args' from command line to 'None'
[0.497s] Level 5:colcon.colcon_core.verb:set package 're2_flexiforce' build argument 'catkin_skip_building_tests' from command line to 'False'
[0.497s] DEBUG:colcon.colcon_core.verb:Building package 're2_flexiforce' with the following arguments: {'ament_cmake_args': None, 'build_base': '/media/flora/myros/new_re2_ws/build/re2_flexiforce', 'catkin_cmake_args': None, 'catkin_skip_building_tests': False, 'cmake_args': None, 'cmake_clean_cache': False, 'cmake_clean_first': False, 'cmake_force_configure': False, 'cmake_target': None, 'cmake_target_skip_unavailable': False, 'install_base': '/media/flora/myros/new_re2_ws/install/re2_flexiforce', 'merge_install': False, 'path': '/media/flora/myros/new_re2_ws/src/re2_flexiforce', 'symlink_install': False, 'test_result_base': None}
[0.497s] INFO:colcon.colcon_core.executor:Executing jobs using 'parallel' executor
[0.499s] DEBUG:colcon.colcon_parallel_executor.executor.parallel:run_until_complete
[0.499s] INFO:colcon.colcon_ros.task.catkin.build:Building ROS package in '/media/flora/myros/new_re2_ws/src/octocan' with build type 'catkin'
[0.499s] INFO:colcon.colcon_cmake.task.cmake.build:Building CMake package in '/media/flora/myros/new_re2_ws/src/octocan'
[0.501s] INFO:colcon.colcon_core.plugin_system:Skipping extension 'colcon_core.shell.bat': Not used on non-Windows systems
[0.502s] INFO:colcon.colcon_core.shell:Skip shell extension 'powershell' for command environment: Not usable outside of PowerShell
[0.502s] DEBUG:colcon.colcon_core.shell:Skip shell extension 'dsv' for command environment
[0.515s] DEBUG:colcon.colcon_core.event_handler.log_command:Invoking command in '/media/flora/myros/new_re2_ws/build/octocan': /usr/bin/cmake --build /media/flora/myros/new_re2_ws/build/octocan -- -j16 -l16
[1.057s] DEBUG:colcon.colcon_core.event_handler.log_command:Invoked command in '/media/flora/myros/new_re2_ws/build/octocan' returned '0': /usr/bin/cmake --build /media/flora/myros/new_re2_ws/build/octocan -- -j16 -l16
[1.162s] DEBUG:colcon.colcon_core.event_handler.log_command:Invoking command in '/media/flora/myros/new_re2_ws/build/octocan': /usr/bin/cmake --install /media/flora/myros/new_re2_ws/build/octocan
[1.176s] DEBUG:colcon.colcon_core.event_handler.log_command:Invoked command in '/media/flora/myros/new_re2_ws/build/octocan' returned '0': /usr/bin/cmake --install /media/flora/myros/new_re2_ws/build/octocan
[1.221s] Level 1:colcon.colcon_core.shell:create_environment_hook('octocan', 'ros_package_path')
[1.222s] INFO:colcon.colcon_core.shell:Creating environment hook '/media/flora/myros/new_re2_ws/install/octocan/share/octocan/hook/ros_package_path.ps1'
[1.223s] INFO:colcon.colcon_core.shell:Creating environment descriptor '/media/flora/myros/new_re2_ws/install/octocan/share/octocan/hook/ros_package_path.dsv'
[1.223s] INFO:colcon.colcon_core.shell:Creating environment hook '/media/flora/myros/new_re2_ws/install/octocan/share/octocan/hook/ros_package_path.sh'
[1.224s] Level 1:colcon.colcon_core.shell:create_environment_hook('octocan', 'pkg_config_path')
[1.224s] INFO:colcon.colcon_core.shell:Creating environment hook '/media/flora/myros/new_re2_ws/install/octocan/share/octocan/hook/pkg_config_path.ps1'
[1.225s] INFO:colcon.colcon_core.shell:Creating environment descriptor '/media/flora/myros/new_re2_ws/install/octocan/share/octocan/hook/pkg_config_path.dsv'
[1.225s] INFO:colcon.colcon_core.shell:Creating environment hook '/media/flora/myros/new_re2_ws/install/octocan/share/octocan/hook/pkg_config_path.sh'
[1.228s] Level 1:colcon.colcon_core.shell:create_environment_hook('octocan', 'pkg_config_path_multiarch')
[1.229s] INFO:colcon.colcon_core.shell:Creating environment hook '/media/flora/myros/new_re2_ws/install/octocan/share/octocan/hook/pkg_config_path_multiarch.ps1'
[1.229s] INFO:colcon.colcon_core.shell:Creating environment descriptor '/media/flora/myros/new_re2_ws/install/octocan/share/octocan/hook/pkg_config_path_multiarch.dsv'
[1.229s] INFO:colcon.colcon_core.shell:Creating environment hook '/media/flora/myros/new_re2_ws/install/octocan/share/octocan/hook/pkg_config_path_multiarch.sh'
[1.231s] Level 1:colcon.colcon_core.environment:create_environment_scripts_only(octocan)
[1.233s] Level 1:colcon.colcon_core.environment:checking '/media/flora/myros/new_re2_ws/install/octocan' for CMake module files
[1.234s] Level 1:colcon.colcon_core.environment:checking '/media/flora/myros/new_re2_ws/install/octocan' for CMake config files
[1.234s] Level 1:colcon.colcon_core.shell:create_environment_hook('octocan', 'cmake_prefix_path')
[1.234s] INFO:colcon.colcon_core.shell:Creating environment hook '/media/flora/myros/new_re2_ws/install/octocan/share/octocan/hook/cmake_prefix_path.ps1'
[1.235s] INFO:colcon.colcon_core.shell:Creating environment descriptor '/media/flora/myros/new_re2_ws/install/octocan/share/octocan/hook/cmake_prefix_path.dsv'
[1.235s] INFO:colcon.colcon_core.shell:Creating environment hook '/media/flora/myros/new_re2_ws/install/octocan/share/octocan/hook/cmake_prefix_path.sh'
[1.236s] Level 1:colcon.colcon_core.environment:checking '/media/flora/myros/new_re2_ws/install/octocan/lib'
[1.236s] Level 1:colcon.colcon_core.environment:checking '/media/flora/myros/new_re2_ws/install/octocan/bin'
[1.236s] Level 1:colcon.colcon_core.environment:checking '/media/flora/myros/new_re2_ws/install/octocan/lib/pkgconfig/octocan.pc'
[1.236s] Level 1:colcon.colcon_core.environment:checking '/media/flora/myros/new_re2_ws/install/octocan/lib/python3.10/site-packages'
[1.237s] Level 1:colcon.colcon_core.environment:checking '/media/flora/myros/new_re2_ws/install/octocan/bin'
[1.237s] INFO:colcon.colcon_core.shell:Creating package script '/media/flora/myros/new_re2_ws/install/octocan/share/octocan/package.ps1'
[1.238s] INFO:colcon.colcon_core.shell:Creating package descriptor '/media/flora/myros/new_re2_ws/install/octocan/share/octocan/package.dsv'
[1.238s] INFO:colcon.colcon_core.shell:Creating package script '/media/flora/myros/new_re2_ws/install/octocan/share/octocan/package.sh'
[1.239s] INFO:colcon.colcon_core.shell:Creating package script '/media/flora/myros/new_re2_ws/install/octocan/share/octocan/package.bash'
[1.240s] INFO:colcon.colcon_core.shell:Creating package script '/media/flora/myros/new_re2_ws/install/octocan/share/octocan/package.zsh'
[1.241s] Level 1:colcon.colcon_core.environment:create_file_with_runtime_dependencies(/media/flora/myros/new_re2_ws/install/octocan/share/colcon-core/packages/octocan)
[1.241s] INFO:colcon.colcon_ros.task.catkin.build:Building ROS package in '/media/flora/myros/new_re2_ws/src/nac' with build type 'catkin'
[1.241s] INFO:colcon.colcon_cmake.task.cmake.build:Building CMake package in '/media/flora/myros/new_re2_ws/src/nac'
[1.242s] INFO:colcon.colcon_core.shell:Skip shell extension 'powershell' for command environment: Not usable outside of PowerShell
[1.242s] DEBUG:colcon.colcon_core.shell:Skip shell extension 'dsv' for command environment
[1.246s] INFO:colcon.colcon_ros.task.ament_cmake.build:Building ROS package in '/media/flora/myros/new_re2_ws/src/re2_flexiforce' with build type 'ament_cmake'
[1.247s] INFO:colcon.colcon_cmake.task.cmake.build:Building CMake package in '/media/flora/myros/new_re2_ws/src/re2_flexiforce'
[1.247s] INFO:colcon.colcon_core.shell:Skip shell extension 'powershell' for command environment: Not usable outside of PowerShell
[1.247s] DEBUG:colcon.colcon_core.shell:Skip shell extension 'dsv' for command environment
[1.256s] DEBUG:colcon.colcon_core.event_handler.log_command:Invoking command in '/media/flora/myros/new_re2_ws/build/nac': CMAKE_PREFIX_PATH=/media/flora/myros/new_re2_ws/install/octocan:${CMAKE_PREFIX_PATH} PKG_CONFIG_PATH=/media/flora/myros/new_re2_ws/install/octocan/lib/x86_64-linux-gnu/pkgconfig:/media/flora/myros/new_re2_ws/install/octocan/lib/pkgconfig ROS_PACKAGE_PATH=/media/flora/myros/new_re2_ws/install/octocan/share /usr/bin/cmake --build /media/flora/myros/new_re2_ws/build/nac -- -j16 -l16
[1.260s] DEBUG:colcon.colcon_core.event_handler.log_command:Invoking command in '/media/flora/myros/new_re2_ws/build/re2_flexiforce': CMAKE_PREFIX_PATH=/opt/ros/humble:/media/flora/myros/new_re2_ws/install/octocan:${CMAKE_PREFIX_PATH} PKG_CONFIG_PATH=/media/flora/myros/new_re2_ws/install/octocan/lib/x86_64-linux-gnu/pkgconfig:/media/flora/myros/new_re2_ws/install/octocan/lib/pkgconfig ROS_PACKAGE_PATH=/media/flora/myros/new_re2_ws/install/octocan/share /usr/bin/cmake /media/flora/myros/new_re2_ws/src/re2_flexiforce -DCMAKE_INSTALL_PREFIX=/media/flora/myros/new_re2_ws/install/re2_flexiforce
[2.306s] DEBUG:colcon.colcon_core.event_handler.log_command:Invoked command in '/media/flora/myros/new_re2_ws/build/re2_flexiforce' returned '1': CMAKE_PREFIX_PATH=/opt/ros/humble:/media/flora/myros/new_re2_ws/install/octocan:${CMAKE_PREFIX_PATH} PKG_CONFIG_PATH=/media/flora/myros/new_re2_ws/install/octocan/lib/x86_64-linux-gnu/pkgconfig:/media/flora/myros/new_re2_ws/install/octocan/lib/pkgconfig ROS_PACKAGE_PATH=/media/flora/myros/new_re2_ws/install/octocan/share /usr/bin/cmake /media/flora/myros/new_re2_ws/src/re2_flexiforce -DCMAKE_INSTALL_PREFIX=/media/flora/myros/new_re2_ws/install/re2_flexiforce
[2.323s] Level 1:colcon.colcon_core.environment:create_environment_scripts_only(re2_flexiforce)
[2.323s] Level 1:colcon.colcon_core.environment:checking '/media/flora/myros/new_re2_ws/install/re2_flexiforce' for CMake module files
[2.324s] Level 1:colcon.colcon_core.environment:checking '/media/flora/myros/new_re2_ws/install/re2_flexiforce' for CMake config files
[2.324s] Level 1:colcon.colcon_core.environment:checking '/media/flora/myros/new_re2_ws/install/re2_flexiforce/bin'
[2.324s] Level 1:colcon.colcon_core.environment:checking '/media/flora/myros/new_re2_ws/install/re2_flexiforce/lib/pkgconfig/re2_flexiforce.pc'
[2.324s] Level 1:colcon.colcon_core.environment:checking '/media/flora/myros/new_re2_ws/install/re2_flexiforce/lib/python3.10/site-packages'
[2.325s] Level 1:colcon.colcon_core.environment:checking '/media/flora/myros/new_re2_ws/install/re2_flexiforce/bin'
[2.325s] INFO:colcon.colcon_core.shell:Creating package script '/media/flora/myros/new_re2_ws/install/re2_flexiforce/share/re2_flexiforce/package.ps1'
[2.325s] INFO:colcon.colcon_core.shell:Creating package descriptor '/media/flora/myros/new_re2_ws/install/re2_flexiforce/share/re2_flexiforce/package.dsv'
[2.326s] INFO:colcon.colcon_core.shell:Creating package script '/media/flora/myros/new_re2_ws/install/re2_flexiforce/share/re2_flexiforce/package.sh'
[2.326s] INFO:colcon.colcon_core.shell:Creating package script '/media/flora/myros/new_re2_ws/install/re2_flexiforce/share/re2_flexiforce/package.bash'
[2.326s] INFO:colcon.colcon_core.shell:Creating package script '/media/flora/myros/new_re2_ws/install/re2_flexiforce/share/re2_flexiforce/package.zsh'
[2.327s] Level 1:colcon.colcon_core.environment:create_file_with_runtime_dependencies(/media/flora/myros/new_re2_ws/install/re2_flexiforce/share/colcon-core/packages/re2_flexiforce)
[8.213s] DEBUG:colcon.colcon_parallel_executor.executor.parallel:closing loop
[8.214s] DEBUG:colcon.colcon_parallel_executor.executor.parallel:loop closed
[8.214s] DEBUG:colcon.colcon_parallel_executor.executor.parallel:run_until_complete finished with '1'
[8.214s] DEBUG:colcon.colcon_core.event_reactor:joining thread
[8.221s] INFO:colcon.colcon_core.plugin_system:Skipping extension 'colcon_notification.desktop_notification.terminal_notifier': Not used on non-Darwin systems
[8.221s] INFO:colcon.colcon_core.plugin_system:Skipping extension 'colcon_notification.desktop_notification.win32': Not used on non-Windows systems
[8.221s] INFO:colcon.colcon_notification.desktop_notification:Sending desktop notification using 'notify2'
[8.236s] DEBUG:colcon.colcon_core.event_reactor:joined thread
[8.236s] INFO:colcon.colcon_core.shell:Creating prefix script '/media/flora/myros/new_re2_ws/install/local_setup.ps1'
[8.237s] INFO:colcon.colcon_core.shell:Creating prefix util module '/media/flora/myros/new_re2_ws/install/_local_setup_util_ps1.py'
[8.238s] INFO:colcon.colcon_core.shell:Creating prefix chain script '/media/flora/myros/new_re2_ws/install/setup.ps1'
[8.240s] INFO:colcon.colcon_core.shell:Creating prefix script '/media/flora/myros/new_re2_ws/install/local_setup.sh'
[8.240s] INFO:colcon.colcon_core.shell:Creating prefix util module '/media/flora/myros/new_re2_ws/install/_local_setup_util_sh.py'
[8.241s] INFO:colcon.colcon_core.shell:Creating prefix chain script '/media/flora/myros/new_re2_ws/install/setup.sh'
[8.242s] INFO:colcon.colcon_core.shell:Creating prefix script '/media/flora/myros/new_re2_ws/install/local_setup.bash'
[8.243s] INFO:colcon.colcon_core.shell:Creating prefix chain script '/media/flora/myros/new_re2_ws/install/setup.bash'
[8.244s] INFO:colcon.colcon_core.shell:Creating prefix script '/media/flora/myros/new_re2_ws/install/local_setup.zsh'
[8.244s] INFO:colcon.colcon_core.shell:Creating prefix chain script '/media/flora/myros/new_re2_ws/install/setup.zsh'
