[100%] Built target octocan
-- Install configuration: ""
-- Up-to-date: /media/flora/myros/new_re2_ws/install/octocan/share/octocan/environment/library_path.sh
-- Up-to-date: /media/flora/myros/new_re2_ws/install/octocan/share/octocan/environment/library_path.dsv
-- Up-to-date: /media/flora/myros/new_re2_ws/install/octocan/lib/liboctocan.a
-- Up-to-date: /media/flora/myros/new_re2_ws/install/octocan/share/ament_index/resource_index/package_run_dependencies/octocan
-- Up-to-date: /media/flora/myros/new_re2_ws/install/octocan/share/ament_index/resource_index/parent_prefix_path/octocan
-- Up-to-date: /media/flora/myros/new_re2_ws/install/octocan/share/octocan/environment/ament_prefix_path.sh
-- Up-to-date: /media/flora/myros/new_re2_ws/install/octocan/share/octocan/environment/ament_prefix_path.dsv
-- Up-to-date: /media/flora/myros/new_re2_ws/install/octocan/share/octocan/environment/path.sh
-- Up-to-date: /media/flora/myros/new_re2_ws/install/octocan/share/octocan/environment/path.dsv
-- Up-to-date: /media/flora/myros/new_re2_ws/install/octocan/share/octocan/local_setup.bash
-- Up-to-date: /media/flora/myros/new_re2_ws/install/octocan/share/octocan/local_setup.sh
-- Up-to-date: /media/flora/myros/new_re2_ws/install/octocan/share/octocan/local_setup.zsh
-- Up-to-date: /media/flora/myros/new_re2_ws/install/octocan/share/octocan/local_setup.dsv
-- Installing: /media/flora/myros/new_re2_ws/install/octocan/share/octocan/package.dsv
-- Up-to-date: /media/flora/myros/new_re2_ws/install/octocan/share/ament_index/resource_index/packages/octocan
-- Up-to-date: /media/flora/myros/new_re2_ws/install/octocan/share/octocan/cmake/ament_cmake_export_include_directories-extras.cmake
-- Up-to-date: /media/flora/myros/new_re2_ws/install/octocan/share/octocan/cmake/ament_cmake_export_libraries-extras.cmake
-- Up-to-date: /media/flora/myros/new_re2_ws/install/octocan/share/octocan/cmake/ament_cmake_export_dependencies-extras.cmake
-- Up-to-date: /media/flora/myros/new_re2_ws/install/octocan/share/octocan/cmake/octocanConfig.cmake
-- Up-to-date: /media/flora/myros/new_re2_ws/install/octocan/share/octocan/cmake/octocanConfig-version.cmake
-- Up-to-date: /media/flora/myros/new_re2_ws/install/octocan/share/octocan/package.xml
