[0.013s] Invoking command in '/media/flora/myros/new_re2_ws/build/re2_flexiforce': CMAKE_PREFIX_PATH=/opt/ros/humble:/media/flora/myros/new_re2_ws/install/octocan:${CMAKE_PREFIX_PATH} PKG_CONFIG_PATH=/media/flora/myros/new_re2_ws/install/octocan/lib/x86_64-linux-gnu/pkgconfig:/media/flora/myros/new_re2_ws/install/octocan/lib/pkgconfig ROS_PACKAGE_PATH=/media/flora/myros/new_re2_ws/install/octocan/share /usr/bin/cmake /media/flora/myros/new_re2_ws/src/re2_flexiforce -DCMAKE_INSTALL_PREFIX=/media/flora/myros/new_re2_ws/install/re2_flexiforce
[0.029s] -- Found ament_cmake: 1.3.10 (/opt/ros/humble/share/ament_cmake/cmake)
[0.184s] -- Found rclcpp: 16.0.10 (/opt/ros/humble/share/rclcpp/cmake)
[0.221s] -- Found rosidl_generator_c: 3.1.5 (/opt/ros/humble/share/rosidl_generator_c/cmake)
[0.225s] -- Found rosidl_adapter: 3.1.5 (/opt/ros/humble/share/rosidl_adapter/cmake)
[0.233s] -- Found rosidl_generator_cpp: 3.1.5 (/opt/ros/humble/share/rosidl_generator_cpp/cmake)
[0.246s] -- Using all available rosidl_typesupport_c: rosidl_typesupport_fastrtps_c;rosidl_typesupport_introspection_c
[0.263s] -- Using all available rosidl_typesupport_cpp: rosidl_typesupport_fastrtps_cpp;rosidl_typesupport_introspection_cpp
[0.305s] -- Found rmw_implementation_cmake: 6.1.2 (/opt/ros/humble/share/rmw_implementation_cmake/cmake)
[0.307s] -- Found rmw_cyclonedds_cpp: 1.3.4 (/opt/ros/humble/share/rmw_cyclonedds_cpp/cmake)
[0.330s] -- Using RMW implementation 'rmw_cyclonedds_cpp' as default
[0.393s] -- Found geometry_msgs: 4.2.4 (/opt/ros/humble/share/geometry_msgs/cmake)
[0.408s] -- Found tf2: 0.25.7 (/opt/ros/humble/share/tf2/cmake)
[0.414s] -- Found tf2_ros: 0.25.7 (/opt/ros/humble/share/tf2_ros/cmake)
[0.514s] -- Found tf2_geometry_msgs: 0.25.7 (/opt/ros/humble/share/tf2_geometry_msgs/cmake)
[0.517s] -- Found eigen3_cmake_module: 0.1.1 (/opt/ros/humble/share/eigen3_cmake_module/cmake)
[0.519s] -- Ensuring Eigen3 include directory is part of orocos-kdl CMake target
[0.521s] -- Found std_srvs: 4.2.4 (/opt/ros/humble/share/std_srvs/cmake)
[0.535s] -- Found kdl_parser: 2.6.4 (/opt/ros/humble/share/kdl_parser/cmake)
[0.538s] -- Found sensor_msgs: 4.2.4 (/opt/ros/humble/share/sensor_msgs/cmake)
[0.559s] -- Found realtime_tools: 2.5.0 (/opt/ros/humble/share/realtime_tools/cmake)
[0.562s] -- Found hardware_interface: 2.42.0 (/opt/ros/humble/share/hardware_interface/cmake)
[0.661s] -- Found controller_interface: 2.42.0 (/opt/ros/humble/share/controller_interface/cmake)
[0.667s] -- Found rosbag2: 0.15.12 (/opt/ros/humble/share/rosbag2/cmake)
[0.667s] -- Found octocan: 0.0.1 (/media/flora/myros/new_re2_ws/install/octocan/share/octocan/cmake)
[0.667s] [33mCMake Warning at /media/flora/myros/new_re2_ws/install/octocan/share/octocan/cmake/ament_cmake_export_include_directories-extras.cmake:11 (message):
[0.667s]   Package 'octocan' exports the include directory
[0.668s]   '/media/flora/myros/new_re2_ws/install/octocan/share/octocan/cmake/../../../include'
[0.668s]   which doesn't exist
[0.668s] Call Stack (most recent call first):
[0.668s]   /media/flora/myros/new_re2_ws/install/octocan/share/octocan/cmake/octocanConfig.cmake:41 (include)
[0.668s]   CMakeLists.txt:36 (find_package)
[0.668s] 
[0.668s] [0m
[0.670s] -- Found moveit_core: 2.5.5 (/opt/ros/humble/share/moveit_core/cmake)
[0.688s] -- Found Boost: /usr/lib/x86_64-linux-gnu/cmake/Boost-1.74.0/BoostConfig.cmake (found version "1.74.0") found components: chrono date_time filesystem iostreams program_options regex serialization system thread 
[0.697s] -- Found parameter_traits: 0.3.8 (/opt/ros/humble/share/parameter_traits/cmake)
[0.713s] -- Found Boost: /usr/lib/x86_64-linux-gnu/cmake/Boost-1.74.0/BoostConfig.cmake (found version "1.74.0") found components: filesystem 
[0.764s] -- library: /usr/lib/x86_64-linux-gnu/libcurl.so
[0.932s] -- Found moveit_ros_planning: 2.5.5 (/opt/ros/humble/share/moveit_ros_planning/cmake)
[0.938s] -- Found Boost: /usr/lib/x86_64-linux-gnu/cmake/Boost-1.74.0/BoostConfig.cmake (found version "1.74.0") found components: system filesystem date_time program_options thread chrono 
[0.969s] -- Found moveit_ros_planning_interface: 2.5.5 (/opt/ros/humble/share/moveit_ros_planning_interface/cmake)
[0.974s] -- Found Boost: /usr/lib/x86_64-linux-gnu/cmake/Boost-1.74.0/BoostConfig.cmake (found version "1.74.0") found components: date_time filesystem program_options system thread 
[0.991s] -- Found Boost: /usr/lib/x86_64-linux-gnu/cmake/Boost-1.74.0/BoostConfig.cmake (found version "1.74.0") found components: thread system filesystem regex date_time program_options 
[1.025s] -- Found Boost: /usr/lib/x86_64-linux-gnu/cmake/Boost-1.74.0/BoostConfig.cmake (found version "1.74.0") found components: system filesystem date_time program_options thread 
[1.065s] [31mCMake Error at CMakeLists.txt:40 (find_package):
[1.065s]   By not providing "Findtrac_ik_lib.cmake" in CMAKE_MODULE_PATH this project
[1.065s]   has asked CMake to find a package configuration file provided by
[1.065s]   "trac_ik_lib", but CMake did not find one.
[1.065s] 
[1.065s]   Could not find a package configuration file provided by "trac_ik_lib" with
[1.065s]   any of the following names:
[1.065s] 
[1.066s]     trac_ik_libConfig.cmake
[1.066s]     trac_ik_lib-config.cmake
[1.066s] 
[1.066s]   Add the installation prefix of "trac_ik_lib" to CMAKE_PREFIX_PATH or set
[1.066s]   "trac_ik_lib_DIR" to a directory containing one of the above files.  If
[1.066s]   "trac_ik_lib" provides a separate development package or SDK, be sure it
[1.066s]   has been installed.
[1.066s] 
[1.066s] [0m
[1.066s] -- Configuring incomplete, errors occurred!
[1.066s] See also "/media/flora/myros/new_re2_ws/build/re2_flexiforce/CMakeFiles/CMakeOutput.log".
[1.079s] Invoked command in '/media/flora/myros/new_re2_ws/build/re2_flexiforce' returned '1': CMAKE_PREFIX_PATH=/opt/ros/humble:/media/flora/myros/new_re2_ws/install/octocan:${CMAKE_PREFIX_PATH} PKG_CONFIG_PATH=/media/flora/myros/new_re2_ws/install/octocan/lib/x86_64-linux-gnu/pkgconfig:/media/flora/myros/new_re2_ws/install/octocan/lib/pkgconfig ROS_PACKAGE_PATH=/media/flora/myros/new_re2_ws/install/octocan/share /usr/bin/cmake /media/flora/myros/new_re2_ws/src/re2_flexiforce -DCMAKE_INSTALL_PREFIX=/media/flora/myros/new_re2_ws/install/re2_flexiforce
